<?xml version="1.0" encoding="utf-8"?>
<CoverageSession>
  <Summary numSequencePoints="775" visitedSequencePoints="367" numBranchPoints="331" visitedBranchPoints="95" sequenceCoverage="47.35" branchCoverage="28.7" maxCyclomaticComplexity="76" minCyclomaticComplexity="11" visitedClasses="22" numClasses="41" visitedMethods="82" numMethods="162" />
  <Modules>
    <Module hash="C7C21E00-69E5-49A6-BA78-78C245501E72">
      <ModulePath>NCoreUtils.AspNetCore.Logging.dll</ModulePath>
      <ModuleTime>2020-04-05T10:42:31</ModuleTime>
      <ModuleName>NCoreUtils.AspNetCore.Logging</ModuleName>
      <Files>
        <File uid="1" fullPath="/home/artyom/Projects/Sandbox/NCoreUtils.Logging/NCoreUtils.AspNetCore.Logging/Logging/AspNetCoreLogger.cs" />
        <File uid="2" fullPath="/home/artyom/Projects/Sandbox/NCoreUtils.Logging/NCoreUtils.AspNetCore.Logging/Logging/AspNetCoreLoggerProvider.cs" />
        <File uid="3" fullPath="/home/artyom/Projects/Sandbox/NCoreUtils.Logging/NCoreUtils.AspNetCore.Logging/Logging/LoggingContext.cs" />
        <File uid="4" fullPath="/home/artyom/Projects/Sandbox/NCoreUtils.Logging/NCoreUtils.AspNetCore.Logging/Logging/PrePopulateLoggingContextMiddleware.cs" />
        <File uid="5" fullPath="/home/artyom/Projects/Sandbox/NCoreUtils.Logging/NCoreUtils.AspNetCore.Logging/AspNetCore/ApplicationBuilderSinkLoggingExtensions.cs" />
        <File uid="6" fullPath="/home/artyom/Projects/Sandbox/NCoreUtils.Logging/NCoreUtils.AspNetCore.Logging/AspNetCore/ServiceCollectionSinkLoggingExtensions.cs" />
      </Files>
      <Classes>
        <Class>
          <Summary numSequencePoints="38" visitedSequencePoints="28" numBranchPoints="8" visitedBranchPoints="5" sequenceCoverage="73.68" branchCoverage="62.5" maxCyclomaticComplexity="4" minCyclomaticComplexity="1" visitedClasses="1" numClasses="1" visitedMethods="5" numMethods="5" />
          <FullName>NCoreUtils.Logging.AspNetCoreLogger</FullName>
          <Methods>
            <Method cyclomaticComplexity="2" nPathComplexity="0" sequenceCoverage="66.66" branchCoverage="50" isConstructor="False" isGetter="False" isSetter="False" isStatic="True">
              <Summary numSequencePoints="6" visitedSequencePoints="4" numBranchPoints="2" visitedBranchPoints="1" sequenceCoverage="66.66" branchCoverage="50" maxCyclomaticComplexity="2" minCyclomaticComplexity="2" visitedClasses="0" numClasses="0" visitedMethods="1" numMethods="1" />
              <MetadataToken />
              <Name>TService NCoreUtils.Logging.AspNetCoreLogger::GetServiceSafe(System.IServiceProvider)</Name>
              <FileRef uid="1" />
              <SequencePoints>
                <SequencePoint vc="8" uspid="13" ordinal="0" sl="13" sc="1" el="13" ec="2" bec="0" bev="0" fileid="1" />
                <SequencePoint vc="8" uspid="14" ordinal="1" sl="14" sc="1" el="14" ec="2" bec="2" bev="1" fileid="1" />
                <SequencePoint vc="0" uspid="15" ordinal="2" sl="15" sc="1" el="15" ec="2" bec="0" bev="0" fileid="1" />
                <SequencePoint vc="0" uspid="16" ordinal="3" sl="16" sc="1" el="16" ec="2" bec="0" bev="0" fileid="1" />
                <SequencePoint vc="8" uspid="18" ordinal="4" sl="18" sc="1" el="18" ec="2" bec="0" bev="0" fileid="1" />
                <SequencePoint vc="8" uspid="19" ordinal="5" sl="19" sc="1" el="19" ec="2" bec="0" bev="0" fileid="1" />
              </SequencePoints>
              <BranchPoints>
                <BranchPoint vc="0" uspid="14" ordinal="0" path="0" offset="7" offsetend="9" sl="14" fileid="1" />
                <BranchPoint vc="8" uspid="14" ordinal="1" path="1" offset="7" offsetend="22" sl="14" fileid="1" />
              </BranchPoints>
              <MethodPoint vc="4" uspid="0" p8:type="SequencePoint" ordinal="0" offset="0" sc="0" sl="13" ec="1" el="19" bec="0" bev="0" fileid="1" xmlns:p8="xsi" />
            </Method>
            <Method cyclomaticComplexity="4" nPathComplexity="0" sequenceCoverage="68" branchCoverage="75" isConstructor="False" isGetter="False" isSetter="False" isStatic="True">
              <Summary numSequencePoints="25" visitedSequencePoints="17" numBranchPoints="4" visitedBranchPoints="3" sequenceCoverage="68" branchCoverage="75" maxCyclomaticComplexity="4" minCyclomaticComplexity="4" visitedClasses="0" numClasses="0" visitedMethods="1" numMethods="1" />
              <MetadataToken />
              <Name>NCoreUtils.Logging.AspNetCoreContext NCoreUtils.Logging.AspNetCoreLogger::GetCurrentAspNetCoreContext()</Name>
              <FileRef uid="1" />
              <SequencePoints>
                <SequencePoint vc="8" uspid="28" ordinal="0" sl="28" sc="1" el="28" ec="2" bec="0" bev="0" fileid="1" />
                <SequencePoint vc="8" uspid="30" ordinal="1" sl="30" sc="1" el="30" ec="2" bec="0" bev="0" fileid="1" />
                <SequencePoint vc="8" uspid="31" ordinal="2" sl="31" sc="1" el="31" ec="2" bec="0" bev="0" fileid="1" />
                <SequencePoint vc="8" uspid="32" ordinal="3" sl="32" sc="1" el="32" ec="2" bec="2" bev="1" fileid="1" />
                <SequencePoint vc="0" uspid="33" ordinal="4" sl="33" sc="1" el="33" ec="2" bec="0" bev="0" fileid="1" />
                <SequencePoint vc="0" uspid="34" ordinal="5" sl="34" sc="1" el="34" ec="2" bec="0" bev="0" fileid="1" />
                <SequencePoint vc="8" uspid="36" ordinal="6" sl="36" sc="1" el="36" ec="2" bec="0" bev="0" fileid="1" />
                <SequencePoint vc="8" uspid="37" ordinal="7" sl="37" sc="1" el="37" ec="2" bec="2" bev="2" fileid="1" />
                <SequencePoint vc="4" uspid="38" ordinal="8" sl="38" sc="1" el="38" ec="2" bec="0" bev="0" fileid="1" />
                <SequencePoint vc="4" uspid="39" ordinal="9" sl="39" sc="1" el="39" ec="2" bec="0" bev="0" fileid="1" />
                <SequencePoint vc="4" uspid="40" ordinal="10" sl="40" sc="1" el="40" ec="2" bec="0" bev="0" fileid="1" />
                <SequencePoint vc="4" uspid="41" ordinal="11" sl="41" sc="1" el="41" ec="2" bec="0" bev="0" fileid="1" />
                <SequencePoint vc="4" uspid="42" ordinal="12" sl="42" sc="1" el="42" ec="2" bec="0" bev="0" fileid="1" />
                <SequencePoint vc="4" uspid="43" ordinal="13" sl="43" sc="1" el="43" ec="2" bec="0" bev="0" fileid="1" />
                <SequencePoint vc="4" uspid="48" ordinal="14" sl="48" sc="1" el="48" ec="2" bec="0" bev="0" fileid="1" />
                <SequencePoint vc="4" uspid="49" ordinal="15" sl="49" sc="1" el="49" ec="2" bec="0" bev="0" fileid="1" />
                <SequencePoint vc="4" uspid="50" ordinal="16" sl="50" sc="1" el="50" ec="2" bec="0" bev="0" fileid="1" />
                <SequencePoint vc="0" uspid="51" ordinal="17" sl="51" sc="1" el="51" ec="2" bec="0" bev="0" fileid="1" />
                <SequencePoint vc="4" uspid="52" ordinal="18" sl="52" sc="1" el="52" ec="2" bec="0" bev="0" fileid="1" />
                <SequencePoint vc="0" uspid="54" ordinal="19" sl="54" sc="1" el="54" ec="2" bec="0" bev="0" fileid="1" />
                <SequencePoint vc="0" uspid="55" ordinal="20" sl="55" sc="1" el="55" ec="2" bec="0" bev="0" fileid="1" />
                <SequencePoint vc="0" uspid="56" ordinal="21" sl="56" sc="1" el="56" ec="2" bec="0" bev="0" fileid="1" />
                <SequencePoint vc="0" uspid="57" ordinal="22" sl="57" sc="1" el="57" ec="2" bec="0" bev="0" fileid="1" />
                <SequencePoint vc="0" uspid="58" ordinal="23" sl="58" sc="1" el="58" ec="2" bec="0" bev="0" fileid="1" />
                <SequencePoint vc="8" uspid="60" ordinal="24" sl="60" sc="1" el="60" ec="2" bec="0" bev="0" fileid="1" />
              </SequencePoints>
              <BranchPoints>
                <BranchPoint vc="0" uspid="32" ordinal="0" path="0" offset="20" offsetend="22" sl="32" fileid="1" />
                <BranchPoint vc="8" uspid="32" ordinal="1" path="1" offset="20" offsetend="39" sl="32" fileid="1" />
                <BranchPoint vc="4" uspid="37" ordinal="2" path="0" offset="59" offsetend="61" sl="37" fileid="1" />
                <BranchPoint vc="4" uspid="37" ordinal="3" path="1" offset="59" offsetend="115" sl="37" fileid="1" />
              </BranchPoints>
              <MethodPoint vc="17" uspid="0" p8:type="SequencePoint" ordinal="1" offset="1" sc="0" sl="28" ec="1" el="60" bec="0" bev="0" fileid="1" xmlns:p8="xsi" />
            </Method>
            <Method cyclomaticComplexity="1" nPathComplexity="0" sequenceCoverage="100" branchCoverage="100" isConstructor="False" isGetter="False" isSetter="False" isStatic="True">
              <Summary numSequencePoints="4" visitedSequencePoints="4" numBranchPoints="0" visitedBranchPoints="0" sequenceCoverage="100" branchCoverage="100" maxCyclomaticComplexity="1" minCyclomaticComplexity="1" visitedClasses="0" numClasses="0" visitedMethods="1" numMethods="1" />
              <MetadataToken />
              <Name>System.Void NCoreUtils.Logging.AspNetCoreLogger::Log(Microsoft.Extensions.Logging.LogLevel,Microsoft.Extensions.Logging.EventId,TState,System.Exception,System.Func`3&lt;TState,System.Exception,System.String&gt;)</Name>
              <FileRef uid="1" />
              <SequencePoints>
                <SequencePoint vc="8" uspid="63" ordinal="0" sl="63" sc="1" el="63" ec="2" bec="0" bev="0" fileid="1" />
                <SequencePoint vc="8" uspid="66" ordinal="1" sl="66" sc="1" el="66" ec="2" bec="0" bev="0" fileid="1" />
                <SequencePoint vc="8" uspid="67" ordinal="2" sl="67" sc="1" el="67" ec="2" bec="0" bev="0" fileid="1" />
                <SequencePoint vc="8" uspid="68" ordinal="3" sl="68" sc="1" el="68" ec="2" bec="0" bev="0" fileid="1" />
              </SequencePoints>
              <BranchPoints />
              <MethodPoint vc="4" uspid="0" p8:type="SequencePoint" ordinal="2" offset="2" sc="0" sl="63" ec="1" el="68" bec="0" bev="0" fileid="1" xmlns:p8="xsi" />
            </Method>
            <Method cyclomaticComplexity="2" nPathComplexity="0" sequenceCoverage="100" branchCoverage="50" isConstructor="True" isGetter="False" isSetter="False" isStatic="True">
              <Summary numSequencePoints="2" visitedSequencePoints="2" numBranchPoints="2" visitedBranchPoints="1" sequenceCoverage="100" branchCoverage="50" maxCyclomaticComplexity="2" minCyclomaticComplexity="2" visitedClasses="0" numClasses="0" visitedMethods="1" numMethods="1" />
              <MetadataToken />
              <Name>System.Void NCoreUtils.Logging.AspNetCoreLogger::.ctor(NCoreUtils.Logging.LoggerProvider,System.String,Microsoft.AspNetCore.Http.IHttpContextAccessor)</Name>
              <FileRef uid="1" />
              <SequencePoints>
                <SequencePoint vc="2" uspid="24" ordinal="0" sl="24" sc="1" el="24" ec="2" bec="0" bev="0" fileid="1" />
                <SequencePoint vc="2" uspid="25" ordinal="1" sl="25" sc="1" el="25" ec="2" bec="2" bev="1" fileid="1" />
              </SequencePoints>
              <BranchPoints>
                <BranchPoint vc="0" uspid="25" ordinal="0" path="0" offset="12" offsetend="14" sl="25" fileid="1" />
                <BranchPoint vc="2" uspid="25" ordinal="1" path="1" offset="12" offsetend="26" sl="25" fileid="1" />
              </BranchPoints>
              <MethodPoint vc="2" uspid="0" p8:type="SequencePoint" ordinal="3" offset="3" sc="0" sl="24" ec="1" el="25" bec="0" bev="0" fileid="1" xmlns:p8="xsi" />
            </Method>
            <Method cyclomaticComplexity="1" nPathComplexity="0" sequenceCoverage="100" branchCoverage="100" isConstructor="True" isGetter="False" isSetter="False" isStatic="True">
              <Summary numSequencePoints="1" visitedSequencePoints="1" numBranchPoints="0" visitedBranchPoints="0" sequenceCoverage="100" branchCoverage="100" maxCyclomaticComplexity="1" minCyclomaticComplexity="1" visitedClasses="0" numClasses="0" visitedMethods="1" numMethods="1" />
              <MetadataToken />
              <Name>System.Void NCoreUtils.Logging.AspNetCoreLogger::.cctor()</Name>
              <FileRef uid="1" />
              <SequencePoints>
                <SequencePoint vc="9" uspid="9" ordinal="0" sl="9" sc="1" el="9" ec="2" bec="0" bev="0" fileid="1" />
              </SequencePoints>
              <BranchPoints />
              <MethodPoint vc="1" uspid="0" p8:type="SequencePoint" ordinal="4" offset="4" sc="0" sl="9" ec="1" el="9" bec="0" bev="0" fileid="1" xmlns:p8="xsi" />
            </Method>
          </Methods>
        </Class>
        <Class>
          <Summary numSequencePoints="8" visitedSequencePoints="6" numBranchPoints="2" visitedBranchPoints="1" sequenceCoverage="75" branchCoverage="50" maxCyclomaticComplexity="2" minCyclomaticComplexity="1" visitedClasses="1" numClasses="1" visitedMethods="2" numMethods="2" />
          <FullName>NCoreUtils.Logging.AspNetCoreLoggerProvider</FullName>
          <Methods>
            <Method cyclomaticComplexity="1" nPathComplexity="0" sequenceCoverage="100" branchCoverage="100" isConstructor="False" isGetter="False" isSetter="False" isStatic="True">
              <Summary numSequencePoints="1" visitedSequencePoints="1" numBranchPoints="0" visitedBranchPoints="0" sequenceCoverage="100" branchCoverage="100" maxCyclomaticComplexity="1" minCyclomaticComplexity="1" visitedClasses="0" numClasses="0" visitedMethods="1" numMethods="1" />
              <MetadataToken />
              <Name>NCoreUtils.Logging.Logger NCoreUtils.Logging.AspNetCoreLoggerProvider::DoCreateLogger(System.String)</Name>
              <FileRef uid="2" />
              <SequencePoints>
                <SequencePoint vc="2" uspid="21" ordinal="0" sl="21" sc="1" el="21" ec="2" bec="0" bev="0" fileid="2" />
              </SequencePoints>
              <BranchPoints />
              <MethodPoint vc="1" uspid="0" p8:type="SequencePoint" ordinal="0" offset="0" sc="0" sl="21" ec="1" el="21" bec="0" bev="0" fileid="2" xmlns:p8="xsi" />
            </Method>
            <Method cyclomaticComplexity="2" nPathComplexity="0" sequenceCoverage="71.42" branchCoverage="50" isConstructor="True" isGetter="False" isSetter="False" isStatic="True">
              <Summary numSequencePoints="7" visitedSequencePoints="5" numBranchPoints="2" visitedBranchPoints="1" sequenceCoverage="71.42" branchCoverage="50" maxCyclomaticComplexity="2" minCyclomaticComplexity="2" visitedClasses="0" numClasses="0" visitedMethods="1" numMethods="1" />
              <MetadataToken />
              <Name>System.Void NCoreUtils.Logging.AspNetCoreLoggerProvider::.ctor(NCoreUtils.Logging.IAspNetCoreSink,Microsoft.AspNetCore.Http.IHttpContextAccessor)</Name>
              <FileRef uid="2" />
              <SequencePoints>
                <SequencePoint vc="2" uspid="11" ordinal="0" sl="11" sc="1" el="11" ec="2" bec="0" bev="0" fileid="2" />
                <SequencePoint vc="2" uspid="12" ordinal="1" sl="12" sc="1" el="12" ec="2" bec="0" bev="0" fileid="2" />
                <SequencePoint vc="2" uspid="13" ordinal="2" sl="13" sc="1" el="13" ec="2" bec="2" bev="1" fileid="2" />
                <SequencePoint vc="0" uspid="14" ordinal="3" sl="14" sc="1" el="14" ec="2" bec="0" bev="0" fileid="2" />
                <SequencePoint vc="0" uspid="15" ordinal="4" sl="15" sc="1" el="15" ec="2" bec="0" bev="0" fileid="2" />
                <SequencePoint vc="2" uspid="17" ordinal="5" sl="17" sc="1" el="17" ec="2" bec="0" bev="0" fileid="2" />
                <SequencePoint vc="2" uspid="18" ordinal="6" sl="18" sc="1" el="18" ec="2" bec="0" bev="0" fileid="2" />
              </SequencePoints>
              <BranchPoints>
                <BranchPoint vc="0" uspid="13" ordinal="0" path="0" offset="15" offsetend="17" sl="13" fileid="2" />
                <BranchPoint vc="2" uspid="13" ordinal="1" path="1" offset="15" offsetend="29" sl="13" fileid="2" />
              </BranchPoints>
              <MethodPoint vc="5" uspid="0" p8:type="SequencePoint" ordinal="1" offset="1" sc="0" sl="11" ec="1" el="18" bec="0" bev="0" fileid="2" xmlns:p8="xsi" />
            </Method>
          </Methods>
        </Class>
        <Class>
          <Summary numSequencePoints="1" visitedSequencePoints="0" numBranchPoints="0" visitedBranchPoints="0" sequenceCoverage="0" branchCoverage="100" maxCyclomaticComplexity="1" minCyclomaticComplexity="1" visitedClasses="0" numClasses="1" visitedMethods="0" numMethods="1" />
          <FullName>NCoreUtils.Logging.AspNetCoreLoggerProvider`1</FullName>
          <Methods>
            <Method cyclomaticComplexity="1" nPathComplexity="0" sequenceCoverage="0" branchCoverage="100" isConstructor="True" isGetter="False" isSetter="False" isStatic="True">
              <Summary numSequencePoints="1" visitedSequencePoints="0" numBranchPoints="0" visitedBranchPoints="0" sequenceCoverage="0" branchCoverage="100" maxCyclomaticComplexity="1" minCyclomaticComplexity="1" visitedClasses="0" numClasses="0" visitedMethods="0" numMethods="1" />
              <MetadataToken />
              <Name>System.Void NCoreUtils.Logging.AspNetCoreLoggerProvider`1::.ctor(TSink)</Name>
              <FileRef uid="2" />
              <SequencePoints>
                <SequencePoint vc="0" uspid="27" ordinal="0" sl="27" sc="1" el="27" ec="2" bec="0" bev="0" fileid="2" />
              </SequencePoints>
              <BranchPoints />
              <MethodPoint vc="0" uspid="0" p8:type="SequencePoint" ordinal="0" offset="0" sc="0" sl="27" ec="1" el="27" bec="0" bev="0" fileid="2" xmlns:p8="xsi" />
            </Method>
          </Methods>
        </Class>
        <Class>
          <Summary numSequencePoints="54" visitedSequencePoints="47" numBranchPoints="40" visitedBranchPoints="15" sequenceCoverage="87.03" branchCoverage="37.5" maxCyclomaticComplexity="12" minCyclomaticComplexity="1" visitedClasses="1" numClasses="1" visitedMethods="10" numMethods="11" />
          <FullName>NCoreUtils.Logging.LoggingContext</FullName>
          <Methods>
            <Method cyclomaticComplexity="2" nPathComplexity="0" sequenceCoverage="100" branchCoverage="50" isConstructor="False" isGetter="False" isSetter="False" isStatic="True">
              <Summary numSequencePoints="5" visitedSequencePoints="5" numBranchPoints="2" visitedBranchPoints="1" sequenceCoverage="100" branchCoverage="50" maxCyclomaticComplexity="2" minCyclomaticComplexity="2" visitedClasses="0" numClasses="0" visitedMethods="1" numMethods="1" />
              <MetadataToken />
              <Name>System.String NCoreUtils.Logging.LoggingContext::GetEffectiveHost(Microsoft.AspNetCore.Http.HostString&amp;)</Name>
              <FileRef uid="3" />
              <SequencePoints>
                <SequencePoint vc="5" uspid="13" ordinal="0" sl="13" sc="1" el="13" ec="2" bec="2" bev="1" fileid="3" />
                <SequencePoint vc="5" uspid="14" ordinal="1" sl="14" sc="1" el="14" ec="2" bec="0" bev="0" fileid="3" />
                <SequencePoint vc="5" uspid="15" ordinal="2" sl="15" sc="1" el="15" ec="2" bec="0" bev="0" fileid="3" />
                <SequencePoint vc="5" uspid="16" ordinal="3" sl="16" sc="1" el="16" ec="2" bec="0" bev="0" fileid="3" />
                <SequencePoint vc="5" uspid="17" ordinal="4" sl="17" sc="1" el="17" ec="2" bec="0" bev="0" fileid="3" />
              </SequencePoints>
              <BranchPoints>
                <BranchPoint vc="5" uspid="13" ordinal="1" path="1" offset="8" offsetend="12" sl="13" fileid="3" />
                <BranchPoint vc="0" uspid="13" ordinal="0" path="0" offset="8" offsetend="21" sl="13" fileid="3" />
              </BranchPoints>
              <MethodPoint vc="5" uspid="0" p8:type="SequencePoint" ordinal="0" offset="0" sc="0" sl="13" ec="1" el="17" bec="0" bev="0" fileid="3" xmlns:p8="xsi" />
            </Method>
            <Method cyclomaticComplexity="12" nPathComplexity="0" sequenceCoverage="100" branchCoverage="16.66" isConstructor="False" isGetter="False" isSetter="False" isStatic="True">
              <Summary numSequencePoints="10" visitedSequencePoints="10" numBranchPoints="12" visitedBranchPoints="2" sequenceCoverage="100" branchCoverage="16.66" maxCyclomaticComplexity="12" minCyclomaticComplexity="12" visitedClasses="0" numClasses="0" visitedMethods="1" numMethods="1" />
              <MetadataToken />
              <Name>System.Int32 NCoreUtils.Logging.LoggingContext::GetEffectivePort(Microsoft.AspNetCore.Http.HostString&amp;,System.Boolean)</Name>
              <FileRef uid="3" />
              <SequencePoints>
                <SequencePoint vc="5" uspid="20" ordinal="0" sl="20" sc="1" el="20" ec="2" bec="12" bev="2" fileid="3" />
                <SequencePoint vc="5" uspid="21" ordinal="1" sl="21" sc="1" el="21" ec="2" bec="0" bev="0" fileid="3" />
                <SequencePoint vc="5" uspid="22" ordinal="2" sl="22" sc="1" el="22" ec="2" bec="0" bev="0" fileid="3" />
                <SequencePoint vc="5" uspid="23" ordinal="3" sl="23" sc="1" el="23" ec="2" bec="0" bev="0" fileid="3" />
                <SequencePoint vc="5" uspid="24" ordinal="4" sl="24" sc="1" el="24" ec="2" bec="0" bev="0" fileid="3" />
                <SequencePoint vc="5" uspid="25" ordinal="5" sl="25" sc="1" el="25" ec="2" bec="0" bev="0" fileid="3" />
                <SequencePoint vc="5" uspid="26" ordinal="6" sl="26" sc="1" el="26" ec="2" bec="0" bev="0" fileid="3" />
                <SequencePoint vc="5" uspid="27" ordinal="7" sl="27" sc="1" el="27" ec="2" bec="0" bev="0" fileid="3" />
                <SequencePoint vc="5" uspid="28" ordinal="8" sl="28" sc="1" el="28" ec="2" bec="0" bev="0" fileid="3" />
                <SequencePoint vc="5" uspid="29" ordinal="9" sl="29" sc="1" el="29" ec="2" bec="0" bev="0" fileid="3" />
              </SequencePoints>
              <BranchPoints>
                <BranchPoint vc="5" uspid="20" ordinal="0" path="0" offset="6" offsetend="8" sl="20" fileid="3" />
                <BranchPoint vc="0" uspid="20" ordinal="1" path="1" offset="6" offsetend="24" sl="20" fileid="3" />
                <BranchPoint vc="0" uspid="20" ordinal="3" path="1" offset="27" offsetend="31" sl="20" fileid="3" />
                <BranchPoint vc="0" uspid="20" ordinal="4" path="0" offset="49" offsetend="53" sl="20" fileid="3" />
                <BranchPoint vc="0" uspid="20" ordinal="7" path="1" offset="59" offsetend="63" sl="20" fileid="3" />
                <BranchPoint vc="0" uspid="20" ordinal="9" path="1" offset="64" offsetend="68" sl="20" fileid="3" />
                <BranchPoint vc="0" uspid="20" ordinal="5" path="1" offset="49" offsetend="73" sl="20" fileid="3" />
                <BranchPoint vc="0" uspid="20" ordinal="11" path="1" offset="74" offsetend="78" sl="20" fileid="3" />
                <BranchPoint vc="0" uspid="20" ordinal="6" path="0" offset="59" offsetend="85" sl="20" fileid="3" />
                <BranchPoint vc="0" uspid="20" ordinal="8" path="0" offset="64" offsetend="85" sl="20" fileid="3" />
                <BranchPoint vc="0" uspid="20" ordinal="10" path="0" offset="74" offsetend="85" sl="20" fileid="3" />
                <BranchPoint vc="5" uspid="20" ordinal="2" path="0" offset="27" offsetend="95" sl="20" fileid="3" />
              </BranchPoints>
              <MethodPoint vc="10" uspid="0" p8:type="SequencePoint" ordinal="1" offset="1" sc="0" sl="20" ec="1" el="29" bec="0" bev="0" fileid="3" xmlns:p8="xsi" />
            </Method>
            <Method cyclomaticComplexity="4" nPathComplexity="0" sequenceCoverage="100" branchCoverage="50" isConstructor="False" isGetter="False" isSetter="False" isStatic="True">
              <Summary numSequencePoints="1" visitedSequencePoints="1" numBranchPoints="4" visitedBranchPoints="2" sequenceCoverage="100" branchCoverage="50" maxCyclomaticComplexity="4" minCyclomaticComplexity="4" visitedClasses="0" numClasses="0" visitedMethods="1" numMethods="1" />
              <MetadataToken />
              <Name>System.String NCoreUtils.Logging.LoggingContext::GetUserAgentString(Microsoft.AspNetCore.Http.IHeaderDictionary)</Name>
              <FileRef uid="3" />
              <SequencePoints>
                <SequencePoint vc="5" uspid="33" ordinal="0" sl="33" sc="1" el="33" ec="2" bec="4" bev="2" fileid="3" />
              </SequencePoints>
              <BranchPoints>
                <BranchPoint vc="0" uspid="33" ordinal="0" path="0" offset="13" offsetend="15" sl="33" fileid="3" />
                <BranchPoint vc="5" uspid="33" ordinal="1" path="1" offset="13" offsetend="25" sl="33" fileid="3" />
                <BranchPoint vc="5" uspid="33" ordinal="2" path="0" offset="23" offsetend="25" sl="33" fileid="3" />
                <BranchPoint vc="0" uspid="33" ordinal="3" path="1" offset="23" offsetend="28" sl="33" fileid="3" />
              </BranchPoints>
              <MethodPoint vc="1" uspid="0" p8:type="SequencePoint" ordinal="2" offset="2" sc="0" sl="33" ec="1" el="33" bec="0" bev="0" fileid="3" xmlns:p8="xsi" />
            </Method>
            <Method cyclomaticComplexity="4" nPathComplexity="0" sequenceCoverage="100" branchCoverage="50" isConstructor="False" isGetter="False" isSetter="False" isStatic="True">
              <Summary numSequencePoints="1" visitedSequencePoints="1" numBranchPoints="4" visitedBranchPoints="2" sequenceCoverage="100" branchCoverage="50" maxCyclomaticComplexity="4" minCyclomaticComplexity="4" visitedClasses="0" numClasses="0" visitedMethods="1" numMethods="1" />
              <MetadataToken />
              <Name>System.String NCoreUtils.Logging.LoggingContext::GetReferrer(Microsoft.AspNetCore.Http.IHeaderDictionary)</Name>
              <FileRef uid="3" />
              <SequencePoints>
                <SequencePoint vc="5" uspid="37" ordinal="0" sl="37" sc="1" el="37" ec="2" bec="4" bev="2" fileid="3" />
              </SequencePoints>
              <BranchPoints>
                <BranchPoint vc="0" uspid="37" ordinal="0" path="0" offset="13" offsetend="15" sl="37" fileid="3" />
                <BranchPoint vc="5" uspid="37" ordinal="1" path="1" offset="13" offsetend="25" sl="37" fileid="3" />
                <BranchPoint vc="5" uspid="37" ordinal="2" path="0" offset="23" offsetend="25" sl="37" fileid="3" />
                <BranchPoint vc="0" uspid="37" ordinal="3" path="1" offset="23" offsetend="28" sl="37" fileid="3" />
              </BranchPoints>
              <MethodPoint vc="1" uspid="0" p8:type="SequencePoint" ordinal="3" offset="3" sc="0" sl="37" ec="1" el="37" bec="0" bev="0" fileid="3" xmlns:p8="xsi" />
            </Method>
            <Method cyclomaticComplexity="4" nPathComplexity="0" sequenceCoverage="100" branchCoverage="25" isConstructor="False" isGetter="False" isSetter="False" isStatic="True">
              <Summary numSequencePoints="1" visitedSequencePoints="1" numBranchPoints="4" visitedBranchPoints="1" sequenceCoverage="100" branchCoverage="25" maxCyclomaticComplexity="4" minCyclomaticComplexity="4" visitedClasses="0" numClasses="0" visitedMethods="1" numMethods="1" />
              <MetadataToken />
              <Name>System.String NCoreUtils.Logging.LoggingContext::GetUser(System.Security.Claims.ClaimsPrincipal)</Name>
              <FileRef uid="3" />
              <SequencePoints>
                <SequencePoint vc="9" uspid="41" ordinal="0" sl="41" sc="1" el="41" ec="2" bec="4" bev="1" fileid="3" />
              </SequencePoints>
              <BranchPoints>
                <BranchPoint vc="9" uspid="41" ordinal="0" path="0" offset="1" offsetend="3" sl="41" fileid="3" />
                <BranchPoint vc="0" uspid="41" ordinal="1" path="1" offset="1" offsetend="6" sl="41" fileid="3" />
                <BranchPoint vc="0" uspid="41" ordinal="2" path="0" offset="13" offsetend="15" sl="41" fileid="3" />
                <BranchPoint vc="0" uspid="41" ordinal="3" path="1" offset="13" offsetend="19" sl="41" fileid="3" />
              </BranchPoints>
              <MethodPoint vc="1" uspid="0" p8:type="SequencePoint" ordinal="4" offset="4" sc="0" sl="41" ec="1" el="41" bec="0" bev="0" fileid="3" xmlns:p8="xsi" />
            </Method>
            <Method cyclomaticComplexity="4" nPathComplexity="0" sequenceCoverage="71.42" branchCoverage="50" isConstructor="False" isGetter="False" isSetter="False" isStatic="True">
              <Summary numSequencePoints="7" visitedSequencePoints="5" numBranchPoints="4" visitedBranchPoints="2" sequenceCoverage="71.42" branchCoverage="50" maxCyclomaticComplexity="4" minCyclomaticComplexity="4" visitedClasses="0" numClasses="0" visitedMethods="1" numMethods="1" />
              <MetadataToken />
              <Name>System.Void NCoreUtils.Logging.LoggingContext::UpdateContext(NCoreUtils.Logging.AspNetCoreContext&amp;,Microsoft.AspNetCore.Http.HttpContext)</Name>
              <FileRef uid="3" />
              <SequencePoints>
                <SequencePoint vc="9" uspid="45" ordinal="0" sl="45" sc="1" el="45" ec="2" bec="0" bev="0" fileid="3" />
                <SequencePoint vc="9" uspid="46" ordinal="1" sl="46" sc="1" el="46" ec="2" bec="2" bev="1" fileid="3" />
                <SequencePoint vc="0" uspid="47" ordinal="2" sl="47" sc="1" el="47" ec="2" bec="0" bev="0" fileid="3" />
                <SequencePoint vc="0" uspid="48" ordinal="3" sl="48" sc="1" el="48" ec="2" bec="0" bev="0" fileid="3" />
                <SequencePoint vc="9" uspid="51" ordinal="4" sl="51" sc="1" el="51" ec="2" bec="0" bev="0" fileid="3" />
                <SequencePoint vc="9" uspid="53" ordinal="5" sl="53" sc="1" el="53" ec="2" bec="2" bev="1" fileid="3" />
                <SequencePoint vc="9" uspid="54" ordinal="6" sl="54" sc="1" el="54" ec="2" bec="0" bev="0" fileid="3" />
              </SequencePoints>
              <BranchPoints>
                <BranchPoint vc="0" uspid="46" ordinal="0" path="0" offset="7" offsetend="9" sl="46" fileid="3" />
                <BranchPoint vc="9" uspid="46" ordinal="1" path="1" offset="7" offsetend="12" sl="46" fileid="3" />
                <BranchPoint vc="0" uspid="53" ordinal="2" path="0" offset="38" offsetend="40" sl="53" fileid="3" />
                <BranchPoint vc="9" uspid="53" ordinal="3" path="1" offset="38" offsetend="52" sl="53" fileid="3" />
              </BranchPoints>
              <MethodPoint vc="5" uspid="0" p8:type="SequencePoint" ordinal="5" offset="5" sc="0" sl="45" ec="1" el="54" bec="0" bev="0" fileid="3" xmlns:p8="xsi" />
            </Method>
            <Method cyclomaticComplexity="10" nPathComplexity="0" sequenceCoverage="84" branchCoverage="50" isConstructor="False" isGetter="False" isSetter="False" isStatic="True">
              <Summary numSequencePoints="25" visitedSequencePoints="21" numBranchPoints="10" visitedBranchPoints="5" sequenceCoverage="84" branchCoverage="50" maxCyclomaticComplexity="10" minCyclomaticComplexity="10" visitedClasses="0" numClasses="0" visitedMethods="1" numMethods="1" />
              <MetadataToken />
              <Name>System.Void NCoreUtils.Logging.LoggingContext::PopulateContext(NCoreUtils.Logging.AspNetCoreContext&amp;,Microsoft.AspNetCore.Http.HttpContext)</Name>
              <FileRef uid="3" />
              <SequencePoints>
                <SequencePoint vc="5" uspid="58" ordinal="0" sl="58" sc="1" el="58" ec="2" bec="0" bev="0" fileid="3" />
                <SequencePoint vc="5" uspid="59" ordinal="1" sl="59" sc="1" el="59" ec="2" bec="2" bev="1" fileid="3" />
                <SequencePoint vc="0" uspid="60" ordinal="2" sl="60" sc="1" el="60" ec="2" bec="0" bev="0" fileid="3" />
                <SequencePoint vc="0" uspid="61" ordinal="3" sl="61" sc="1" el="61" ec="2" bec="0" bev="0" fileid="3" />
                <SequencePoint vc="5" uspid="63" ordinal="4" sl="63" sc="1" el="63" ec="2" bec="0" bev="0" fileid="3" />
                <SequencePoint vc="5" uspid="64" ordinal="5" sl="64" sc="1" el="64" ec="2" bec="2" bev="1" fileid="3" />
                <SequencePoint vc="0" uspid="65" ordinal="6" sl="65" sc="1" el="65" ec="2" bec="0" bev="0" fileid="3" />
                <SequencePoint vc="0" uspid="66" ordinal="7" sl="66" sc="1" el="66" ec="2" bec="0" bev="0" fileid="3" />
                <SequencePoint vc="5" uspid="69" ordinal="8" sl="69" sc="1" el="69" ec="2" bec="0" bev="0" fileid="3" />
                <SequencePoint vc="5" uspid="70" ordinal="9" sl="70" sc="1" el="70" ec="2" bec="0" bev="0" fileid="3" />
                <SequencePoint vc="5" uspid="71" ordinal="10" sl="71" sc="1" el="71" ec="2" bec="0" bev="0" fileid="3" />
                <SequencePoint vc="5" uspid="72" ordinal="11" sl="72" sc="1" el="72" ec="2" bec="0" bev="0" fileid="3" />
                <SequencePoint vc="5" uspid="73" ordinal="12" sl="73" sc="1" el="73" ec="2" bec="0" bev="0" fileid="3" />
                <SequencePoint vc="5" uspid="74" ordinal="13" sl="74" sc="1" el="74" ec="2" bec="0" bev="0" fileid="3" />
                <SequencePoint vc="5" uspid="75" ordinal="14" sl="75" sc="1" el="75" ec="2" bec="0" bev="0" fileid="3" />
                <SequencePoint vc="5" uspid="76" ordinal="15" sl="76" sc="1" el="76" ec="2" bec="0" bev="0" fileid="3" />
                <SequencePoint vc="5" uspid="77" ordinal="16" sl="77" sc="1" el="77" ec="2" bec="0" bev="0" fileid="3" />
                <SequencePoint vc="5" uspid="79" ordinal="17" sl="79" sc="1" el="79" ec="2" bec="0" bev="0" fileid="3" />
                <SequencePoint vc="5" uspid="81" ordinal="18" sl="81" sc="1" el="81" ec="2" bec="0" bev="0" fileid="3" />
                <SequencePoint vc="5" uspid="83" ordinal="19" sl="83" sc="1" el="83" ec="2" bec="0" bev="0" fileid="3" />
                <SequencePoint vc="5" uspid="85" ordinal="20" sl="85" sc="1" el="85" ec="2" bec="0" bev="0" fileid="3" />
                <SequencePoint vc="5" uspid="87" ordinal="21" sl="87" sc="1" el="87" ec="2" bec="2" bev="1" fileid="3" />
                <SequencePoint vc="5" uspid="89" ordinal="22" sl="89" sc="1" el="89" ec="2" bec="4" bev="2" fileid="3" />
                <SequencePoint vc="5" uspid="91" ordinal="23" sl="91" sc="1" el="91" ec="2" bec="0" bev="0" fileid="3" />
                <SequencePoint vc="5" uspid="92" ordinal="24" sl="92" sc="1" el="92" ec="2" bec="0" bev="0" fileid="3" />
              </SequencePoints>
              <BranchPoints>
                <BranchPoint vc="0" uspid="59" ordinal="0" path="0" offset="7" offsetend="9" sl="59" fileid="3" />
                <BranchPoint vc="5" uspid="59" ordinal="1" path="1" offset="7" offsetend="15" sl="59" fileid="3" />
                <BranchPoint vc="0" uspid="64" ordinal="2" path="0" offset="28" offsetend="30" sl="64" fileid="3" />
                <BranchPoint vc="5" uspid="64" ordinal="3" path="1" offset="28" offsetend="36" sl="64" fileid="3" />
                <BranchPoint vc="0" uspid="87" ordinal="4" path="0" offset="252" offsetend="254" sl="87" fileid="3" />
                <BranchPoint vc="5" uspid="87" ordinal="5" path="1" offset="252" offsetend="258" sl="87" fileid="3" />
                <BranchPoint vc="0" uspid="89" ordinal="6" path="0" offset="277" offsetend="279" sl="89" fileid="3" />
                <BranchPoint vc="5" uspid="89" ordinal="7" path="1" offset="277" offsetend="283" sl="89" fileid="3" />
                <BranchPoint vc="0" uspid="89" ordinal="8" path="0" offset="289" offsetend="291" sl="89" fileid="3" />
                <BranchPoint vc="5" uspid="89" ordinal="9" path="1" offset="289" offsetend="295" sl="89" fileid="3" />
              </BranchPoints>
              <MethodPoint vc="21" uspid="0" p8:type="SequencePoint" ordinal="6" offset="6" sc="0" sl="58" ec="1" el="92" bec="0" bev="0" fileid="3" xmlns:p8="xsi" />
            </Method>
            <Method cyclomaticComplexity="1" nPathComplexity="0" sequenceCoverage="100" branchCoverage="100" isConstructor="False" isGetter="True" isSetter="False" isStatic="True">
              <Summary numSequencePoints="1" visitedSequencePoints="1" numBranchPoints="0" visitedBranchPoints="0" sequenceCoverage="100" branchCoverage="100" maxCyclomaticComplexity="1" minCyclomaticComplexity="1" visitedClasses="0" numClasses="0" visitedMethods="1" numMethods="1" />
              <MetadataToken />
              <Name>NCoreUtils.Logging.AspNetCoreContext NCoreUtils.Logging.LoggingContext::get_AspNetCoreContext()</Name>
              <FileRef uid="3" />
              <SequencePoints>
                <SequencePoint vc="4" uspid="98" ordinal="0" sl="98" sc="1" el="98" ec="2" bec="0" bev="0" fileid="3" />
              </SequencePoints>
              <BranchPoints />
              <MethodPoint vc="1" uspid="0" p8:type="SequencePoint" ordinal="7" offset="7" sc="0" sl="98" ec="1" el="98" bec="0" bev="0" fileid="3" xmlns:p8="xsi" />
            </Method>
            <Method cyclomaticComplexity="1" nPathComplexity="0" sequenceCoverage="0" branchCoverage="100" isConstructor="False" isGetter="False" isSetter="True" isStatic="True">
              <Summary numSequencePoints="1" visitedSequencePoints="0" numBranchPoints="0" visitedBranchPoints="0" sequenceCoverage="0" branchCoverage="100" maxCyclomaticComplexity="1" minCyclomaticComplexity="1" visitedClasses="0" numClasses="0" visitedMethods="0" numMethods="1" />
              <MetadataToken />
              <Name>System.Void NCoreUtils.Logging.LoggingContext::set_AspNetCoreContext(NCoreUtils.Logging.AspNetCoreContext)</Name>
              <FileRef uid="3" />
              <SequencePoints>
                <SequencePoint vc="0" uspid="99" ordinal="0" sl="99" sc="1" el="99" ec="2" bec="0" bev="0" fileid="3" />
              </SequencePoints>
              <BranchPoints />
              <MethodPoint vc="0" uspid="0" p8:type="SequencePoint" ordinal="8" offset="8" sc="0" sl="99" ec="1" el="99" bec="0" bev="0" fileid="3" xmlns:p8="xsi" />
            </Method>
            <Method cyclomaticComplexity="1" nPathComplexity="0" sequenceCoverage="100" branchCoverage="100" isConstructor="False" isGetter="False" isSetter="False" isStatic="True">
              <Summary numSequencePoints="1" visitedSequencePoints="1" numBranchPoints="0" visitedBranchPoints="0" sequenceCoverage="100" branchCoverage="100" maxCyclomaticComplexity="1" minCyclomaticComplexity="1" visitedClasses="0" numClasses="0" visitedMethods="1" numMethods="1" />
              <MetadataToken />
              <Name>System.Void NCoreUtils.Logging.LoggingContext::PopulateFrom(Microsoft.AspNetCore.Http.HttpContext)</Name>
              <FileRef uid="3" />
              <SequencePoints>
                <SequencePoint vc="1" uspid="103" ordinal="0" sl="103" sc="1" el="103" ec="2" bec="0" bev="0" fileid="3" />
              </SequencePoints>
              <BranchPoints />
              <MethodPoint vc="1" uspid="0" p8:type="SequencePoint" ordinal="9" offset="9" sc="0" sl="103" ec="1" el="103" bec="0" bev="0" fileid="3" xmlns:p8="xsi" />
            </Method>
            <Method cyclomaticComplexity="1" nPathComplexity="0" sequenceCoverage="100" branchCoverage="100" isConstructor="False" isGetter="False" isSetter="False" isStatic="True">
              <Summary numSequencePoints="1" visitedSequencePoints="1" numBranchPoints="0" visitedBranchPoints="0" sequenceCoverage="100" branchCoverage="100" maxCyclomaticComplexity="1" minCyclomaticComplexity="1" visitedClasses="0" numClasses="0" visitedMethods="1" numMethods="1" />
              <MetadataToken />
              <Name>System.Void NCoreUtils.Logging.LoggingContext::UpdateFrom(Microsoft.AspNetCore.Http.HttpContext)</Name>
              <FileRef uid="3" />
              <SequencePoints>
                <SequencePoint vc="4" uspid="106" ordinal="0" sl="106" sc="1" el="106" ec="2" bec="0" bev="0" fileid="3" />
              </SequencePoints>
              <BranchPoints />
              <MethodPoint vc="1" uspid="0" p8:type="SequencePoint" ordinal="10" offset="10" sc="0" sl="106" ec="1" el="106" bec="0" bev="0" fileid="3" xmlns:p8="xsi" />
            </Method>
          </Methods>
        </Class>
        <Class>
          <Summary numSequencePoints="9" visitedSequencePoints="0" numBranchPoints="2" visitedBranchPoints="0" sequenceCoverage="0" branchCoverage="0" maxCyclomaticComplexity="2" minCyclomaticComplexity="1" visitedClasses="0" numClasses="1" visitedMethods="0" numMethods="2" />
          <FullName>NCoreUtils.Logging.PrePopulateLoggingContextMiddleware</FullName>
          <Methods>
            <Method cyclomaticComplexity="2" nPathComplexity="0" sequenceCoverage="0" branchCoverage="0" isConstructor="False" isGetter="False" isSetter="False" isStatic="True">
              <Summary numSequencePoints="7" visitedSequencePoints="0" numBranchPoints="2" visitedBranchPoints="0" sequenceCoverage="0" branchCoverage="0" maxCyclomaticComplexity="2" minCyclomaticComplexity="2" visitedClasses="0" numClasses="0" visitedMethods="0" numMethods="1" />
              <MetadataToken />
              <Name>System.Threading.Tasks.Task NCoreUtils.Logging.PrePopulateLoggingContextMiddleware::InvokeAsync(Microsoft.AspNetCore.Http.HttpContext,NCoreUtils.Logging.LoggingContext)</Name>
              <FileRef uid="4" />
              <SequencePoints>
                <SequencePoint vc="0" uspid="15" ordinal="0" sl="15" sc="1" el="15" ec="2" bec="0" bev="0" fileid="4" />
                <SequencePoint vc="0" uspid="16" ordinal="1" sl="16" sc="1" el="16" ec="2" bec="2" bev="0" fileid="4" />
                <SequencePoint vc="0" uspid="17" ordinal="2" sl="17" sc="1" el="17" ec="2" bec="0" bev="0" fileid="4" />
                <SequencePoint vc="0" uspid="18" ordinal="3" sl="18" sc="1" el="18" ec="2" bec="0" bev="0" fileid="4" />
                <SequencePoint vc="0" uspid="20" ordinal="4" sl="20" sc="1" el="20" ec="2" bec="0" bev="0" fileid="4" />
                <SequencePoint vc="0" uspid="21" ordinal="5" sl="21" sc="1" el="21" ec="2" bec="0" bev="0" fileid="4" />
                <SequencePoint vc="0" uspid="22" ordinal="6" sl="22" sc="1" el="22" ec="2" bec="0" bev="0" fileid="4" />
              </SequencePoints>
              <BranchPoints>
                <BranchPoint vc="0" uspid="16" ordinal="0" path="0" offset="7" offsetend="9" sl="16" fileid="4" />
                <BranchPoint vc="0" uspid="16" ordinal="1" path="1" offset="7" offsetend="21" sl="16" fileid="4" />
              </BranchPoints>
              <MethodPoint vc="0" uspid="0" p8:type="SequencePoint" ordinal="0" offset="0" sc="0" sl="15" ec="1" el="22" bec="0" bev="0" fileid="4" xmlns:p8="xsi" />
            </Method>
            <Method cyclomaticComplexity="1" nPathComplexity="0" sequenceCoverage="0" branchCoverage="100" isConstructor="True" isGetter="False" isSetter="False" isStatic="True">
              <Summary numSequencePoints="2" visitedSequencePoints="0" numBranchPoints="0" visitedBranchPoints="0" sequenceCoverage="0" branchCoverage="100" maxCyclomaticComplexity="1" minCyclomaticComplexity="1" visitedClasses="0" numClasses="0" visitedMethods="0" numMethods="1" />
              <MetadataToken />
              <Name>System.Void NCoreUtils.Logging.PrePopulateLoggingContextMiddleware::.ctor(Microsoft.AspNetCore.Http.RequestDelegate)</Name>
              <FileRef uid="4" />
              <SequencePoints>
                <SequencePoint vc="0" uspid="11" ordinal="0" sl="11" sc="1" el="11" ec="2" bec="0" bev="0" fileid="4" />
                <SequencePoint vc="0" uspid="12" ordinal="1" sl="12" sc="1" el="12" ec="2" bec="0" bev="0" fileid="4" />
              </SequencePoints>
              <BranchPoints />
              <MethodPoint vc="0" uspid="0" p8:type="SequencePoint" ordinal="1" offset="1" sc="0" sl="11" ec="1" el="12" bec="0" bev="0" fileid="4" xmlns:p8="xsi" />
            </Method>
          </Methods>
        </Class>
        <Class>
          <Summary numSequencePoints="1" visitedSequencePoints="0" numBranchPoints="0" visitedBranchPoints="0" sequenceCoverage="0" branchCoverage="100" maxCyclomaticComplexity="1" minCyclomaticComplexity="1" visitedClasses="0" numClasses="1" visitedMethods="0" numMethods="1" />
          <FullName>NCoreUtils.AspNetCore.ApplicationBuilderSinkLoggingExtensions</FullName>
          <Methods>
            <Method cyclomaticComplexity="1" nPathComplexity="0" sequenceCoverage="0" branchCoverage="100" isConstructor="False" isGetter="False" isSetter="False" isStatic="True">
              <Summary numSequencePoints="1" visitedSequencePoints="0" numBranchPoints="0" visitedBranchPoints="0" sequenceCoverage="0" branchCoverage="100" maxCyclomaticComplexity="1" minCyclomaticComplexity="1" visitedClasses="0" numClasses="0" visitedMethods="0" numMethods="1" />
              <MetadataToken />
              <Name>Microsoft.AspNetCore.Builder.IApplicationBuilder NCoreUtils.AspNetCore.ApplicationBuilderSinkLoggingExtensions::UsePrePopulateLoggingContext(Microsoft.AspNetCore.Builder.IApplicationBuilder)</Name>
              <FileRef uid="5" />
              <SequencePoints>
                <SequencePoint vc="0" uspid="9" ordinal="0" sl="9" sc="1" el="9" ec="2" bec="0" bev="0" fileid="5" />
              </SequencePoints>
              <BranchPoints />
              <MethodPoint vc="0" uspid="0" p8:type="SequencePoint" ordinal="0" offset="0" sc="0" sl="9" ec="1" el="9" bec="0" bev="0" fileid="5" xmlns:p8="xsi" />
            </Method>
          </Methods>
        </Class>
        <Class>
          <Summary numSequencePoints="4" visitedSequencePoints="4" numBranchPoints="0" visitedBranchPoints="0" sequenceCoverage="100" branchCoverage="100" maxCyclomaticComplexity="1" minCyclomaticComplexity="1" visitedClasses="1" numClasses="1" visitedMethods="1" numMethods="1" />
          <FullName>NCoreUtils.AspNetCore.ServiceCollectionSinkLoggingExtensions</FullName>
          <Methods>
            <Method cyclomaticComplexity="1" nPathComplexity="0" sequenceCoverage="100" branchCoverage="100" isConstructor="False" isGetter="False" isSetter="False" isStatic="True">
              <Summary numSequencePoints="4" visitedSequencePoints="4" numBranchPoints="0" visitedBranchPoints="0" sequenceCoverage="100" branchCoverage="100" maxCyclomaticComplexity="1" minCyclomaticComplexity="1" visitedClasses="0" numClasses="0" visitedMethods="1" numMethods="1" />
              <MetadataToken />
              <Name>Microsoft.Extensions.DependencyInjection.IServiceCollection NCoreUtils.AspNetCore.ServiceCollectionSinkLoggingExtensions::AddLoggingContext(Microsoft.Extensions.DependencyInjection.IServiceCollection)</Name>
              <FileRef uid="6" />
              <SequencePoints>
                <SequencePoint vc="1" uspid="10" ordinal="0" sl="10" sc="1" el="10" ec="2" bec="0" bev="0" fileid="6" />
                <SequencePoint vc="1" uspid="11" ordinal="1" sl="11" sc="1" el="11" ec="2" bec="0" bev="0" fileid="6" />
                <SequencePoint vc="1" uspid="12" ordinal="2" sl="12" sc="1" el="12" ec="2" bec="0" bev="0" fileid="6" />
                <SequencePoint vc="1" uspid="13" ordinal="3" sl="13" sc="1" el="13" ec="2" bec="0" bev="0" fileid="6" />
              </SequencePoints>
              <BranchPoints />
              <MethodPoint vc="4" uspid="0" p8:type="SequencePoint" ordinal="0" offset="0" sc="0" sl="10" ec="1" el="13" bec="0" bev="0" fileid="6" xmlns:p8="xsi" />
            </Method>
          </Methods>
        </Class>
      </Classes>
    </Module>
    <Module hash="B7377CDB-6363-4B14-9033-6E796B050D11">
      <ModulePath>NCoreUtils.Logging.Sink.Google.dll</ModulePath>
      <ModuleTime>2020-04-05T10:42:31</ModuleTime>
      <ModuleName>NCoreUtils.Logging.Sink.Google</ModuleName>
      <Files>
        <File uid="7" fullPath="/home/artyom/Projects/Sandbox/NCoreUtils.Logging/NCoreUtils.Logging.Sink.Google/GoogleLoggingContext.cs" />
        <File uid="8" fullPath="/home/artyom/Projects/Sandbox/NCoreUtils.Logging/NCoreUtils.Logging.Sink.Google/GoogleSink.cs" />
        <File uid="9" fullPath="/home/artyom/Projects/Sandbox/NCoreUtils.Logging/NCoreUtils.Logging.Sink.Google/GoogleSinkQueue.cs" />
      </Files>
      <Classes>
        <Class>
          <Summary numSequencePoints="7" visitedSequencePoints="0" numBranchPoints="4" visitedBranchPoints="0" sequenceCoverage="0" branchCoverage="0" maxCyclomaticComplexity="4" minCyclomaticComplexity="1" visitedClasses="0" numClasses="1" visitedMethods="0" numMethods="3" />
          <FullName>NCoreUtils.Logging.Google.GoogleLoggingContext</FullName>
          <Methods>
            <Method cyclomaticComplexity="1" nPathComplexity="0" sequenceCoverage="0" branchCoverage="100" isConstructor="False" isGetter="True" isSetter="False" isStatic="True">
              <Summary numSequencePoints="1" visitedSequencePoints="0" numBranchPoints="0" visitedBranchPoints="0" sequenceCoverage="0" branchCoverage="100" maxCyclomaticComplexity="1" minCyclomaticComplexity="1" visitedClasses="0" numClasses="0" visitedMethods="0" numMethods="1" />
              <MetadataToken />
              <Name>Google.Cloud.Logging.V2.LogName NCoreUtils.Logging.Google.GoogleLoggingContext::get_LogName()</Name>
              <FileRef uid="7" />
              <SequencePoints>
                <SequencePoint vc="0" uspid="9" ordinal="0" sl="9" sc="1" el="9" ec="2" bec="0" bev="0" fileid="7" />
              </SequencePoints>
              <BranchPoints />
              <MethodPoint vc="0" uspid="0" p8:type="SequencePoint" ordinal="0" offset="0" sc="0" sl="9" ec="1" el="9" bec="0" bev="0" fileid="7" xmlns:p8="xsi" />
            </Method>
            <Method cyclomaticComplexity="1" nPathComplexity="0" sequenceCoverage="0" branchCoverage="100" isConstructor="False" isGetter="True" isSetter="False" isStatic="True">
              <Summary numSequencePoints="1" visitedSequencePoints="0" numBranchPoints="0" visitedBranchPoints="0" sequenceCoverage="0" branchCoverage="100" maxCyclomaticComplexity="1" minCyclomaticComplexity="1" visitedClasses="0" numClasses="0" visitedMethods="0" numMethods="1" />
              <MetadataToken />
              <Name>Google.Api.MonitoredResource NCoreUtils.Logging.Google.GoogleLoggingContext::get_Resource()</Name>
              <FileRef uid="7" />
              <SequencePoints>
                <SequencePoint vc="0" uspid="11" ordinal="0" sl="11" sc="1" el="11" ec="2" bec="0" bev="0" fileid="7" />
              </SequencePoints>
              <BranchPoints />
              <MethodPoint vc="0" uspid="0" p8:type="SequencePoint" ordinal="1" offset="1" sc="0" sl="11" ec="1" el="11" bec="0" bev="0" fileid="7" xmlns:p8="xsi" />
            </Method>
            <Method cyclomaticComplexity="4" nPathComplexity="0" sequenceCoverage="0" branchCoverage="0" isConstructor="True" isGetter="False" isSetter="False" isStatic="True">
              <Summary numSequencePoints="5" visitedSequencePoints="0" numBranchPoints="4" visitedBranchPoints="0" sequenceCoverage="0" branchCoverage="0" maxCyclomaticComplexity="4" minCyclomaticComplexity="4" visitedClasses="0" numClasses="0" visitedMethods="0" numMethods="1" />
              <MetadataToken />
              <Name>System.Void NCoreUtils.Logging.Google.GoogleLoggingContext::.ctor(Google.Cloud.Logging.V2.LogName,Google.Api.MonitoredResource)</Name>
              <FileRef uid="7" />
              <SequencePoints>
                <SequencePoint vc="0" uspid="13" ordinal="0" sl="13" sc="1" el="13" ec="2" bec="0" bev="0" fileid="7" />
                <SequencePoint vc="0" uspid="14" ordinal="1" sl="14" sc="1" el="14" ec="2" bec="0" bev="0" fileid="7" />
                <SequencePoint vc="0" uspid="15" ordinal="2" sl="15" sc="1" el="15" ec="2" bec="2" bev="0" fileid="7" />
                <SequencePoint vc="0" uspid="16" ordinal="3" sl="16" sc="1" el="16" ec="2" bec="2" bev="0" fileid="7" />
                <SequencePoint vc="0" uspid="17" ordinal="4" sl="17" sc="1" el="17" ec="2" bec="0" bev="0" fileid="7" />
              </SequencePoints>
              <BranchPoints>
                <BranchPoint vc="0" uspid="15" ordinal="0" path="0" offset="11" offsetend="13" sl="15" fileid="7" />
                <BranchPoint vc="0" uspid="15" ordinal="1" path="1" offset="11" offsetend="25" sl="15" fileid="7" />
                <BranchPoint vc="0" uspid="16" ordinal="2" path="0" offset="33" offsetend="35" sl="16" fileid="7" />
                <BranchPoint vc="0" uspid="16" ordinal="3" path="1" offset="33" offsetend="47" sl="16" fileid="7" />
              </BranchPoints>
              <MethodPoint vc="0" uspid="0" p8:type="SequencePoint" ordinal="2" offset="2" sc="0" sl="13" ec="1" el="17" bec="0" bev="0" fileid="7" xmlns:p8="xsi" />
            </Method>
          </Methods>
        </Class>
        <Class>
          <Summary numSequencePoints="18" visitedSequencePoints="0" numBranchPoints="4" visitedBranchPoints="0" sequenceCoverage="0" branchCoverage="0" maxCyclomaticComplexity="2" minCyclomaticComplexity="1" visitedClasses="0" numClasses="1" visitedMethods="0" numMethods="6" />
          <FullName>NCoreUtils.Logging.Google.GoogleSink</FullName>
          <Methods>
            <Method cyclomaticComplexity="1" nPathComplexity="0" sequenceCoverage="0" branchCoverage="100" isConstructor="False" isGetter="False" isSetter="False" isStatic="True">
              <Summary numSequencePoints="1" visitedSequencePoints="0" numBranchPoints="0" visitedBranchPoints="0" sequenceCoverage="0" branchCoverage="100" maxCyclomaticComplexity="1" minCyclomaticComplexity="1" visitedClasses="0" numClasses="0" visitedMethods="0" numMethods="1" />
              <MetadataToken />
              <Name>NCoreUtils.Logging.ISinkQueue NCoreUtils.Logging.Google.GoogleSink::NCoreUtils.Logging.IBulkSink.CreateQueue()</Name>
              <FileRef uid="8" />
              <SequencePoints>
                <SequencePoint vc="0" uspid="14" ordinal="0" sl="14" sc="1" el="14" ec="2" bec="0" bev="0" fileid="8" />
              </SequencePoints>
              <BranchPoints />
              <MethodPoint vc="0" uspid="0" p8:type="SequencePoint" ordinal="0" offset="0" sc="0" sl="14" ec="1" el="14" bec="0" bev="0" fileid="8" xmlns:p8="xsi" />
            </Method>
            <Method cyclomaticComplexity="2" nPathComplexity="0" sequenceCoverage="0" branchCoverage="0" isConstructor="False" isGetter="False" isSetter="False" isStatic="True">
              <Summary numSequencePoints="12" visitedSequencePoints="0" numBranchPoints="2" visitedBranchPoints="0" sequenceCoverage="0" branchCoverage="0" maxCyclomaticComplexity="2" minCyclomaticComplexity="2" visitedClasses="0" numClasses="0" visitedMethods="0" numMethods="1" />
              <MetadataToken />
              <Name>Google.Cloud.Logging.V2.LogEntry NCoreUtils.Logging.Google.GoogleSink::CreateLogEntry(NCoreUtils.Logging.LogMessage`1&lt;TState&gt;)</Name>
              <FileRef uid="8" />
              <SequencePoints>
                <SequencePoint vc="0" uspid="20" ordinal="0" sl="20" sc="1" el="20" ec="2" bec="0" bev="0" fileid="8" />
                <SequencePoint vc="0" uspid="21" ordinal="1" sl="21" sc="1" el="21" ec="2" bec="0" bev="0" fileid="8" />
                <SequencePoint vc="0" uspid="22" ordinal="2" sl="22" sc="1" el="22" ec="2" bec="2" bev="0" fileid="8" />
                <SequencePoint vc="0" uspid="23" ordinal="3" sl="23" sc="1" el="23" ec="2" bec="0" bev="0" fileid="8" />
                <SequencePoint vc="0" uspid="24" ordinal="4" sl="24" sc="1" el="24" ec="2" bec="0" bev="0" fileid="8" />
                <SequencePoint vc="0" uspid="25" ordinal="5" sl="25" sc="1" el="25" ec="2" bec="0" bev="0" fileid="8" />
                <SequencePoint vc="0" uspid="26" ordinal="6" sl="26" sc="1" el="26" ec="2" bec="0" bev="0" fileid="8" />
                <SequencePoint vc="0" uspid="27" ordinal="7" sl="27" sc="1" el="27" ec="2" bec="0" bev="0" fileid="8" />
                <SequencePoint vc="0" uspid="28" ordinal="8" sl="28" sc="1" el="28" ec="2" bec="0" bev="0" fileid="8" />
                <SequencePoint vc="0" uspid="29" ordinal="9" sl="29" sc="1" el="29" ec="2" bec="0" bev="0" fileid="8" />
                <SequencePoint vc="0" uspid="30" ordinal="10" sl="30" sc="1" el="30" ec="2" bec="0" bev="0" fileid="8" />
                <SequencePoint vc="0" uspid="31" ordinal="11" sl="31" sc="1" el="31" ec="2" bec="0" bev="0" fileid="8" />
              </SequencePoints>
              <BranchPoints>
                <BranchPoint vc="0" uspid="22" ordinal="0" path="0" offset="74" offsetend="76" sl="22" fileid="8" />
                <BranchPoint vc="0" uspid="22" ordinal="1" path="1" offset="74" offsetend="80" sl="22" fileid="8" />
              </BranchPoints>
              <MethodPoint vc="0" uspid="0" p8:type="SequencePoint" ordinal="1" offset="1" sc="0" sl="20" ec="1" el="31" bec="0" bev="0" fileid="8" xmlns:p8="xsi" />
            </Method>
            <Method cyclomaticComplexity="1" nPathComplexity="0" sequenceCoverage="0" branchCoverage="100" isConstructor="False" isGetter="False" isSetter="False" isStatic="True">
              <Summary numSequencePoints="1" visitedSequencePoints="0" numBranchPoints="0" visitedBranchPoints="0" sequenceCoverage="0" branchCoverage="100" maxCyclomaticComplexity="1" minCyclomaticComplexity="1" visitedClasses="0" numClasses="0" visitedMethods="0" numMethods="1" />
              <MetadataToken />
              <Name>NCoreUtils.Logging.Google.GoogleSinkQueue NCoreUtils.Logging.Google.GoogleSink::CreateQueue()</Name>
              <FileRef uid="8" />
              <SequencePoints>
                <SequencePoint vc="0" uspid="48" ordinal="0" sl="48" sc="1" el="48" ec="2" bec="0" bev="0" fileid="8" />
              </SequencePoints>
              <BranchPoints />
              <MethodPoint vc="0" uspid="0" p8:type="SequencePoint" ordinal="2" offset="2" sc="0" sl="48" ec="1" el="48" bec="0" bev="0" fileid="8" xmlns:p8="xsi" />
            </Method>
            <Method cyclomaticComplexity="1" nPathComplexity="0" sequenceCoverage="0" branchCoverage="100" isConstructor="False" isGetter="False" isSetter="False" isStatic="True">
              <Summary numSequencePoints="1" visitedSequencePoints="0" numBranchPoints="0" visitedBranchPoints="0" sequenceCoverage="0" branchCoverage="100" maxCyclomaticComplexity="1" minCyclomaticComplexity="1" visitedClasses="0" numClasses="0" visitedMethods="0" numMethods="1" />
              <MetadataToken />
              <Name>System.Threading.Tasks.ValueTask NCoreUtils.Logging.Google.GoogleSink::LogAsync(NCoreUtils.Logging.LogMessage`1&lt;TState&gt;,System.Threading.CancellationToken)</Name>
              <FileRef uid="8" />
              <SequencePoints>
                <SequencePoint vc="0" uspid="51" ordinal="0" sl="51" sc="1" el="51" ec="2" bec="0" bev="0" fileid="8" />
              </SequencePoints>
              <BranchPoints />
              <MethodPoint vc="0" uspid="0" p8:type="SequencePoint" ordinal="3" offset="3" sc="0" sl="51" ec="1" el="51" bec="0" bev="0" fileid="8" xmlns:p8="xsi" />
            </Method>
            <Method cyclomaticComplexity="1" nPathComplexity="0" sequenceCoverage="0" branchCoverage="100" isConstructor="False" isGetter="False" isSetter="False" isStatic="True">
              <Summary numSequencePoints="1" visitedSequencePoints="0" numBranchPoints="0" visitedBranchPoints="0" sequenceCoverage="0" branchCoverage="100" maxCyclomaticComplexity="1" minCyclomaticComplexity="1" visitedClasses="0" numClasses="0" visitedMethods="0" numMethods="1" />
              <MetadataToken />
              <Name>System.Threading.Tasks.ValueTask NCoreUtils.Logging.Google.GoogleSink::DisposeAsync()</Name>
              <FileRef uid="8" />
              <SequencePoints>
                <SequencePoint vc="0" uspid="53" ordinal="0" sl="53" sc="1" el="53" ec="2" bec="0" bev="0" fileid="8" />
              </SequencePoints>
              <BranchPoints />
              <MethodPoint vc="0" uspid="0" p8:type="SequencePoint" ordinal="4" offset="4" sc="0" sl="53" ec="1" el="53" bec="0" bev="0" fileid="8" xmlns:p8="xsi" />
            </Method>
            <Method cyclomaticComplexity="2" nPathComplexity="0" sequenceCoverage="0" branchCoverage="0" isConstructor="True" isGetter="False" isSetter="False" isStatic="True">
              <Summary numSequencePoints="2" visitedSequencePoints="0" numBranchPoints="2" visitedBranchPoints="0" sequenceCoverage="0" branchCoverage="0" maxCyclomaticComplexity="2" minCyclomaticComplexity="2" visitedClasses="0" numClasses="0" visitedMethods="0" numMethods="1" />
              <MetadataToken />
              <Name>System.Void NCoreUtils.Logging.Google.GoogleSink::.ctor(NCoreUtils.Logging.Google.GoogleLoggingContext)</Name>
              <FileRef uid="8" />
              <SequencePoints>
                <SequencePoint vc="0" uspid="16" ordinal="0" sl="16" sc="1" el="16" ec="2" bec="0" bev="0" fileid="8" />
                <SequencePoint vc="0" uspid="17" ordinal="1" sl="17" sc="1" el="17" ec="2" bec="2" bev="0" fileid="8" />
              </SequencePoints>
              <BranchPoints>
                <BranchPoint vc="0" uspid="17" ordinal="0" path="0" offset="10" offsetend="12" sl="17" fileid="8" />
                <BranchPoint vc="0" uspid="17" ordinal="1" path="1" offset="10" offsetend="24" sl="17" fileid="8" />
              </BranchPoints>
              <MethodPoint vc="0" uspid="0" p8:type="SequencePoint" ordinal="5" offset="5" sc="0" sl="16" ec="1" el="17" bec="0" bev="0" fileid="8" xmlns:p8="xsi" />
            </Method>
          </Methods>
        </Class>
        <Class>
          <Summary numSequencePoints="11" visitedSequencePoints="0" numBranchPoints="2" visitedBranchPoints="0" sequenceCoverage="0" branchCoverage="0" maxCyclomaticComplexity="2" minCyclomaticComplexity="2" visitedClasses="0" numClasses="1" visitedMethods="0" numMethods="1" />
          <FullName>NCoreUtils.Logging.Google.GoogleSink/&lt;SendAsync&gt;d__4</FullName>
          <Methods>
            <Method cyclomaticComplexity="2" nPathComplexity="0" sequenceCoverage="0" branchCoverage="0" isConstructor="False" isGetter="False" isSetter="False" isStatic="True">
              <Summary numSequencePoints="11" visitedSequencePoints="0" numBranchPoints="2" visitedBranchPoints="0" sequenceCoverage="0" branchCoverage="0" maxCyclomaticComplexity="2" minCyclomaticComplexity="2" visitedClasses="0" numClasses="0" visitedMethods="0" numMethods="1" />
              <MetadataToken />
              <Name>System.Void NCoreUtils.Logging.Google.GoogleSink/&lt;SendAsync&gt;d__4::MoveNext()</Name>
              <FileRef uid="8" />
              <SequencePoints>
                <SequencePoint vc="0" uspid="34" ordinal="0" sl="34" sc="1" el="34" ec="2" bec="0" bev="0" fileid="8" />
                <SequencePoint vc="0" uspid="36" ordinal="1" sl="36" sc="1" el="36" ec="2" bec="0" bev="0" fileid="8" />
                <SequencePoint vc="0" uspid="37" ordinal="2" sl="37" sc="1" el="37" ec="2" bec="2" bev="0" fileid="8" />
                <SequencePoint vc="0" uspid="38" ordinal="3" sl="38" sc="1" el="38" ec="2" bec="0" bev="0" fileid="8" />
                <SequencePoint vc="0" uspid="39" ordinal="4" sl="39" sc="1" el="39" ec="2" bec="0" bev="0" fileid="8" />
                <SequencePoint vc="0" uspid="40" ordinal="5" sl="40" sc="1" el="40" ec="2" bec="0" bev="0" fileid="8" />
                <SequencePoint vc="0" uspid="41" ordinal="6" sl="41" sc="1" el="41" ec="2" bec="0" bev="0" fileid="8" />
                <SequencePoint vc="0" uspid="42" ordinal="7" sl="42" sc="1" el="42" ec="2" bec="0" bev="0" fileid="8" />
                <SequencePoint vc="0" uspid="43" ordinal="8" sl="43" sc="1" el="43" ec="2" bec="0" bev="0" fileid="8" />
                <SequencePoint vc="0" uspid="44" ordinal="9" sl="44" sc="1" el="44" ec="2" bec="0" bev="0" fileid="8" />
                <SequencePoint vc="0" uspid="45" ordinal="10" sl="45" sc="1" el="45" ec="2" bec="0" bev="0" fileid="8" />
              </SequencePoints>
              <BranchPoints>
                <BranchPoint vc="0" uspid="37" ordinal="0" path="0" offset="69" offsetend="71" sl="37" fileid="8" />
                <BranchPoint vc="0" uspid="37" ordinal="1" path="1" offset="69" offsetend="138" sl="37" fileid="8" />
              </BranchPoints>
              <MethodPoint vc="0" uspid="0" p8:type="SequencePoint" ordinal="0" offset="0" sc="0" sl="34" ec="1" el="45" bec="0" bev="0" fileid="8" xmlns:p8="xsi" />
            </Method>
          </Methods>
        </Class>
        <Class>
          <Summary numSequencePoints="13" visitedSequencePoints="0" numBranchPoints="4" visitedBranchPoints="0" sequenceCoverage="0" branchCoverage="0" maxCyclomaticComplexity="2" minCyclomaticComplexity="1" visitedClasses="0" numClasses="1" visitedMethods="0" numMethods="4" />
          <FullName>NCoreUtils.Logging.Google.GoogleSinkQueue</FullName>
          <Methods>
            <Method cyclomaticComplexity="1" nPathComplexity="0" sequenceCoverage="0" branchCoverage="100" isConstructor="False" isGetter="False" isSetter="False" isStatic="True">
              <Summary numSequencePoints="1" visitedSequencePoints="0" numBranchPoints="0" visitedBranchPoints="0" sequenceCoverage="0" branchCoverage="100" maxCyclomaticComplexity="1" minCyclomaticComplexity="1" visitedClasses="0" numClasses="0" visitedMethods="0" numMethods="1" />
              <MetadataToken />
              <Name>System.Threading.Tasks.ValueTask NCoreUtils.Logging.Google.GoogleSinkQueue::DisposeAsync()</Name>
              <FileRef uid="9" />
              <SequencePoints>
                <SequencePoint vc="0" uspid="19" ordinal="0" sl="19" sc="1" el="19" ec="2" bec="0" bev="0" fileid="9" />
              </SequencePoints>
              <BranchPoints />
              <MethodPoint vc="0" uspid="0" p8:type="SequencePoint" ordinal="0" offset="0" sc="0" sl="19" ec="1" el="19" bec="0" bev="0" fileid="9" xmlns:p8="xsi" />
            </Method>
            <Method cyclomaticComplexity="1" nPathComplexity="0" sequenceCoverage="0" branchCoverage="100" isConstructor="False" isGetter="False" isSetter="False" isStatic="True">
              <Summary numSequencePoints="1" visitedSequencePoints="0" numBranchPoints="0" visitedBranchPoints="0" sequenceCoverage="0" branchCoverage="100" maxCyclomaticComplexity="1" minCyclomaticComplexity="1" visitedClasses="0" numClasses="0" visitedMethods="0" numMethods="1" />
              <MetadataToken />
              <Name>System.Void NCoreUtils.Logging.Google.GoogleSinkQueue::Enqueue(NCoreUtils.Logging.LogMessage`1&lt;TState&gt;)</Name>
              <FileRef uid="9" />
              <SequencePoints>
                <SequencePoint vc="0" uspid="22" ordinal="0" sl="22" sc="1" el="22" ec="2" bec="0" bev="0" fileid="9" />
              </SequencePoints>
              <BranchPoints />
              <MethodPoint vc="0" uspid="0" p8:type="SequencePoint" ordinal="1" offset="1" sc="0" sl="22" ec="1" el="22" bec="0" bev="0" fileid="9" xmlns:p8="xsi" />
            </Method>
            <Method cyclomaticComplexity="2" nPathComplexity="0" sequenceCoverage="0" branchCoverage="0" isConstructor="False" isGetter="False" isSetter="False" isStatic="True">
              <Summary numSequencePoints="8" visitedSequencePoints="0" numBranchPoints="2" visitedBranchPoints="0" sequenceCoverage="0" branchCoverage="0" maxCyclomaticComplexity="2" minCyclomaticComplexity="2" visitedClasses="0" numClasses="0" visitedMethods="0" numMethods="1" />
              <MetadataToken />
              <Name>System.Threading.Tasks.ValueTask NCoreUtils.Logging.Google.GoogleSinkQueue::FlushAsync(System.Threading.CancellationToken)</Name>
              <FileRef uid="9" />
              <SequencePoints>
                <SequencePoint vc="0" uspid="25" ordinal="0" sl="25" sc="1" el="25" ec="2" bec="0" bev="0" fileid="9" />
                <SequencePoint vc="0" uspid="26" ordinal="1" sl="26" sc="1" el="26" ec="2" bec="2" bev="0" fileid="9" />
                <SequencePoint vc="0" uspid="27" ordinal="2" sl="27" sc="1" el="27" ec="2" bec="0" bev="0" fileid="9" />
                <SequencePoint vc="0" uspid="28" ordinal="3" sl="28" sc="1" el="28" ec="2" bec="0" bev="0" fileid="9" />
                <SequencePoint vc="0" uspid="30" ordinal="4" sl="30" sc="1" el="30" ec="2" bec="0" bev="0" fileid="9" />
                <SequencePoint vc="0" uspid="31" ordinal="5" sl="31" sc="1" el="31" ec="2" bec="0" bev="0" fileid="9" />
                <SequencePoint vc="0" uspid="32" ordinal="6" sl="32" sc="1" el="32" ec="2" bec="0" bev="0" fileid="9" />
                <SequencePoint vc="0" uspid="33" ordinal="7" sl="33" sc="1" el="33" ec="2" bec="0" bev="0" fileid="9" />
              </SequencePoints>
              <BranchPoints>
                <BranchPoint vc="0" uspid="26" ordinal="0" path="0" offset="17" offsetend="19" sl="26" fileid="9" />
                <BranchPoint vc="0" uspid="26" ordinal="1" path="1" offset="17" offsetend="32" sl="26" fileid="9" />
              </BranchPoints>
              <MethodPoint vc="0" uspid="0" p8:type="SequencePoint" ordinal="2" offset="2" sc="0" sl="25" ec="1" el="33" bec="0" bev="0" fileid="9" xmlns:p8="xsi" />
            </Method>
            <Method cyclomaticComplexity="2" nPathComplexity="0" sequenceCoverage="0" branchCoverage="0" isConstructor="True" isGetter="False" isSetter="False" isStatic="True">
              <Summary numSequencePoints="3" visitedSequencePoints="0" numBranchPoints="2" visitedBranchPoints="0" sequenceCoverage="0" branchCoverage="0" maxCyclomaticComplexity="2" minCyclomaticComplexity="2" visitedClasses="0" numClasses="0" visitedMethods="0" numMethods="1" />
              <MetadataToken />
              <Name>System.Void NCoreUtils.Logging.Google.GoogleSinkQueue::.ctor(NCoreUtils.Logging.Google.GoogleSink)</Name>
              <FileRef uid="9" />
              <SequencePoints>
                <SequencePoint vc="0" uspid="11" ordinal="0" sl="11" sc="1" el="11" ec="2" bec="0" bev="0" fileid="9" />
                <SequencePoint vc="0" uspid="15" ordinal="1" sl="15" sc="1" el="15" ec="2" bec="0" bev="0" fileid="9" />
                <SequencePoint vc="0" uspid="16" ordinal="2" sl="16" sc="1" el="16" ec="2" bec="2" bev="0" fileid="9" />
              </SequencePoints>
              <BranchPoints>
                <BranchPoint vc="0" uspid="16" ordinal="0" path="0" offset="23" offsetend="25" sl="16" fileid="9" />
                <BranchPoint vc="0" uspid="16" ordinal="1" path="1" offset="23" offsetend="37" sl="16" fileid="9" />
              </BranchPoints>
              <MethodPoint vc="0" uspid="0" p8:type="SequencePoint" ordinal="3" offset="3" sc="0" sl="11" ec="1" el="16" bec="0" bev="0" fileid="9" xmlns:p8="xsi" />
            </Method>
          </Methods>
        </Class>
      </Classes>
    </Module>
    <Module hash="41F29AEB-63FA-4C6C-96BC-AE5AA5A09111">
      <ModulePath>NCoreUtils.AspNetCore.Logging.Abstractions.dll</ModulePath>
      <ModuleTime>2020-04-05T10:42:31</ModuleTime>
      <ModuleName>NCoreUtils.AspNetCore.Logging.Abstractions</ModuleName>
      <Files>
        <File uid="10" fullPath="/home/artyom/Projects/Sandbox/NCoreUtils.Logging/NCoreUtils.AspNetCore.Logging.Abstractions/AspNetCoreContext.cs" />
        <File uid="11" fullPath="/home/artyom/Projects/Sandbox/NCoreUtils.Logging/NCoreUtils.AspNetCore.Logging.Abstractions/AspNetCoreLogMessage.cs" />
        <File uid="12" fullPath="/home/artyom/Projects/Sandbox/NCoreUtils.Logging/NCoreUtils.AspNetCore.Logging.Abstractions/ReadOnlyDictionaryWrapper.cs" />
      </Files>
      <Classes>
        <Class>
          <Summary numSequencePoints="20" visitedSequencePoints="7" numBranchPoints="0" visitedBranchPoints="0" sequenceCoverage="35" branchCoverage="100" maxCyclomaticComplexity="1" minCyclomaticComplexity="1" visitedClasses="1" numClasses="1" visitedMethods="7" numMethods="10" />
          <FullName>NCoreUtils.Logging.AspNetCoreContext</FullName>
          <Methods>
            <Method cyclomaticComplexity="1" nPathComplexity="0" sequenceCoverage="0" branchCoverage="100" isConstructor="False" isGetter="True" isSetter="False" isStatic="True">
              <Summary numSequencePoints="1" visitedSequencePoints="0" numBranchPoints="0" visitedBranchPoints="0" sequenceCoverage="0" branchCoverage="100" maxCyclomaticComplexity="1" minCyclomaticComplexity="1" visitedClasses="0" numClasses="0" visitedMethods="0" numMethods="1" />
              <MetadataToken />
              <Name>System.String NCoreUtils.Logging.AspNetCoreContext::get_ConnectionId()</Name>
              <FileRef uid="10" />
              <SequencePoints>
                <SequencePoint vc="0" uspid="8" ordinal="0" sl="8" sc="1" el="8" ec="2" bec="0" bev="0" fileid="10" />
              </SequencePoints>
              <BranchPoints />
              <MethodPoint vc="0" uspid="0" p8:type="SequencePoint" ordinal="0" offset="0" sc="0" sl="8" ec="1" el="8" bec="0" bev="0" fileid="10" xmlns:p8="xsi" />
            </Method>
            <Method cyclomaticComplexity="1" nPathComplexity="0" sequenceCoverage="100" branchCoverage="100" isConstructor="False" isGetter="True" isSetter="False" isStatic="True">
              <Summary numSequencePoints="1" visitedSequencePoints="1" numBranchPoints="0" visitedBranchPoints="0" sequenceCoverage="100" branchCoverage="100" maxCyclomaticComplexity="1" minCyclomaticComplexity="1" visitedClasses="0" numClasses="0" visitedMethods="1" numMethods="1" />
              <MetadataToken />
              <Name>System.String NCoreUtils.Logging.AspNetCoreContext::get_Method()</Name>
              <FileRef uid="10" />
              <SequencePoints>
                <SequencePoint vc="17" uspid="10" ordinal="0" sl="10" sc="1" el="10" ec="2" bec="0" bev="0" fileid="10" />
              </SequencePoints>
              <BranchPoints />
              <MethodPoint vc="1" uspid="0" p8:type="SequencePoint" ordinal="1" offset="1" sc="0" sl="10" ec="1" el="10" bec="0" bev="0" fileid="10" xmlns:p8="xsi" />
            </Method>
            <Method cyclomaticComplexity="1" nPathComplexity="0" sequenceCoverage="100" branchCoverage="100" isConstructor="False" isGetter="True" isSetter="False" isStatic="True">
              <Summary numSequencePoints="1" visitedSequencePoints="1" numBranchPoints="0" visitedBranchPoints="0" sequenceCoverage="100" branchCoverage="100" maxCyclomaticComplexity="1" minCyclomaticComplexity="1" visitedClasses="0" numClasses="0" visitedMethods="1" numMethods="1" />
              <MetadataToken />
              <Name>System.String NCoreUtils.Logging.AspNetCoreContext::get_Url()</Name>
              <FileRef uid="10" />
              <SequencePoints>
                <SequencePoint vc="25" uspid="12" ordinal="0" sl="12" sc="1" el="12" ec="2" bec="0" bev="0" fileid="10" />
              </SequencePoints>
              <BranchPoints />
              <MethodPoint vc="1" uspid="0" p8:type="SequencePoint" ordinal="2" offset="2" sc="0" sl="12" ec="1" el="12" bec="0" bev="0" fileid="10" xmlns:p8="xsi" />
            </Method>
            <Method cyclomaticComplexity="1" nPathComplexity="0" sequenceCoverage="100" branchCoverage="100" isConstructor="False" isGetter="True" isSetter="False" isStatic="True">
              <Summary numSequencePoints="1" visitedSequencePoints="1" numBranchPoints="0" visitedBranchPoints="0" sequenceCoverage="100" branchCoverage="100" maxCyclomaticComplexity="1" minCyclomaticComplexity="1" visitedClasses="0" numClasses="0" visitedMethods="1" numMethods="1" />
              <MetadataToken />
              <Name>System.String NCoreUtils.Logging.AspNetCoreContext::get_UserAgent()</Name>
              <FileRef uid="10" />
              <SequencePoints>
                <SequencePoint vc="17" uspid="14" ordinal="0" sl="14" sc="1" el="14" ec="2" bec="0" bev="0" fileid="10" />
              </SequencePoints>
              <BranchPoints />
              <MethodPoint vc="1" uspid="0" p8:type="SequencePoint" ordinal="3" offset="3" sc="0" sl="14" ec="1" el="14" bec="0" bev="0" fileid="10" xmlns:p8="xsi" />
            </Method>
            <Method cyclomaticComplexity="1" nPathComplexity="0" sequenceCoverage="100" branchCoverage="100" isConstructor="False" isGetter="True" isSetter="False" isStatic="True">
              <Summary numSequencePoints="1" visitedSequencePoints="1" numBranchPoints="0" visitedBranchPoints="0" sequenceCoverage="100" branchCoverage="100" maxCyclomaticComplexity="1" minCyclomaticComplexity="1" visitedClasses="0" numClasses="0" visitedMethods="1" numMethods="1" />
              <MetadataToken />
              <Name>System.String NCoreUtils.Logging.AspNetCoreContext::get_Referrer()</Name>
              <FileRef uid="10" />
              <SequencePoints>
                <SequencePoint vc="17" uspid="16" ordinal="0" sl="16" sc="1" el="16" ec="2" bec="0" bev="0" fileid="10" />
              </SequencePoints>
              <BranchPoints />
              <MethodPoint vc="1" uspid="0" p8:type="SequencePoint" ordinal="4" offset="4" sc="0" sl="16" ec="1" el="16" bec="0" bev="0" fileid="10" xmlns:p8="xsi" />
            </Method>
            <Method cyclomaticComplexity="1" nPathComplexity="0" sequenceCoverage="100" branchCoverage="100" isConstructor="False" isGetter="True" isSetter="False" isStatic="True">
              <Summary numSequencePoints="1" visitedSequencePoints="1" numBranchPoints="0" visitedBranchPoints="0" sequenceCoverage="100" branchCoverage="100" maxCyclomaticComplexity="1" minCyclomaticComplexity="1" visitedClasses="0" numClasses="0" visitedMethods="1" numMethods="1" />
              <MetadataToken />
              <Name>System.Nullable`1&lt;System.Int32&gt; NCoreUtils.Logging.AspNetCoreContext::get_ResponseStatusCode()</Name>
              <FileRef uid="10" />
              <SequencePoints>
                <SequencePoint vc="21" uspid="18" ordinal="0" sl="18" sc="1" el="18" ec="2" bec="0" bev="0" fileid="10" />
              </SequencePoints>
              <BranchPoints />
              <MethodPoint vc="1" uspid="0" p8:type="SequencePoint" ordinal="5" offset="5" sc="0" sl="18" ec="1" el="18" bec="0" bev="0" fileid="10" xmlns:p8="xsi" />
            </Method>
            <Method cyclomaticComplexity="1" nPathComplexity="0" sequenceCoverage="100" branchCoverage="100" isConstructor="False" isGetter="True" isSetter="False" isStatic="True">
              <Summary numSequencePoints="1" visitedSequencePoints="1" numBranchPoints="0" visitedBranchPoints="0" sequenceCoverage="100" branchCoverage="100" maxCyclomaticComplexity="1" minCyclomaticComplexity="1" visitedClasses="0" numClasses="0" visitedMethods="1" numMethods="1" />
              <MetadataToken />
              <Name>System.String NCoreUtils.Logging.AspNetCoreContext::get_RemoteIp()</Name>
              <FileRef uid="10" />
              <SequencePoints>
                <SequencePoint vc="17" uspid="20" ordinal="0" sl="20" sc="1" el="20" ec="2" bec="0" bev="0" fileid="10" />
              </SequencePoints>
              <BranchPoints />
              <MethodPoint vc="1" uspid="0" p8:type="SequencePoint" ordinal="6" offset="6" sc="0" sl="20" ec="1" el="20" bec="0" bev="0" fileid="10" xmlns:p8="xsi" />
            </Method>
            <Method cyclomaticComplexity="1" nPathComplexity="0" sequenceCoverage="0" branchCoverage="100" isConstructor="False" isGetter="True" isSetter="False" isStatic="True">
              <Summary numSequencePoints="1" visitedSequencePoints="0" numBranchPoints="0" visitedBranchPoints="0" sequenceCoverage="0" branchCoverage="100" maxCyclomaticComplexity="1" minCyclomaticComplexity="1" visitedClasses="0" numClasses="0" visitedMethods="0" numMethods="1" />
              <MetadataToken />
              <Name>NCoreUtils.Logging.ReadOnlyDictionaryWrapper`2&lt;System.String,Microsoft.Extensions.Primitives.StringValues&gt; NCoreUtils.Logging.AspNetCoreContext::get_Headers()</Name>
              <FileRef uid="10" />
              <SequencePoints>
                <SequencePoint vc="0" uspid="22" ordinal="0" sl="22" sc="1" el="22" ec="2" bec="0" bev="0" fileid="10" />
              </SequencePoints>
              <BranchPoints />
[...]
              <MetadataToken />
              <Name>System.String NCoreUtils.Logging.GoogleLoggingConfiguration::get_LogId()</Name>
              <FileRef uid="31" />
              <SequencePoints>
                <SequencePoint vc="0" uspid="11" ordinal="0" sl="11" sc="1" el="11" ec="2" bec="0" bev="0" fileid="31" />
              </SequencePoints>
              <BranchPoints />
              <MethodPoint vc="0" uspid="0" p8:type="SequencePoint" ordinal="2" offset="2" sc="0" sl="11" ec="1" el="11" bec="0" bev="0" fileid="31" xmlns:p8="xsi" />
            </Method>
            <Method cyclomaticComplexity="1" nPathComplexity="0" sequenceCoverage="0" branchCoverage="100" isConstructor="False" isGetter="True" isSetter="False" isStatic="True">
              <Summary numSequencePoints="1" visitedSequencePoints="0" numBranchPoints="0" visitedBranchPoints="0" sequenceCoverage="0" branchCoverage="100" maxCyclomaticComplexity="1" minCyclomaticComplexity="1" visitedClasses="0" numClasses="0" visitedMethods="0" numMethods="1" />
              <MetadataToken />
              <Name>System.String NCoreUtils.Logging.GoogleLoggingConfiguration::get_ResourceType()</Name>
              <FileRef uid="31" />
              <SequencePoints>
                <SequencePoint vc="0" uspid="13" ordinal="0" sl="13" sc="1" el="13" ec="2" bec="0" bev="0" fileid="31" />
              </SequencePoints>
              <BranchPoints />
              <MethodPoint vc="0" uspid="0" p8:type="SequencePoint" ordinal="3" offset="3" sc="0" sl="13" ec="1" el="13" bec="0" bev="0" fileid="31" xmlns:p8="xsi" />
            </Method>
            <Method cyclomaticComplexity="1" nPathComplexity="0" sequenceCoverage="0" branchCoverage="100" isConstructor="False" isGetter="True" isSetter="False" isStatic="True">
              <Summary numSequencePoints="1" visitedSequencePoints="0" numBranchPoints="0" visitedBranchPoints="0" sequenceCoverage="0" branchCoverage="100" maxCyclomaticComplexity="1" minCyclomaticComplexity="1" visitedClasses="0" numClasses="0" visitedMethods="0" numMethods="1" />
              <MetadataToken />
              <Name>System.Collections.Generic.Dictionary`2&lt;System.String,System.String&gt; NCoreUtils.Logging.GoogleLoggingConfiguration::get_ResourceLabels()</Name>
              <FileRef uid="31" />
              <SequencePoints>
                <SequencePoint vc="0" uspid="15" ordinal="0" sl="15" sc="1" el="15" ec="2" bec="0" bev="0" fileid="31" />
              </SequencePoints>
              <BranchPoints />
              <MethodPoint vc="0" uspid="0" p8:type="SequencePoint" ordinal="4" offset="4" sc="0" sl="15" ec="1" el="15" bec="0" bev="0" fileid="31" xmlns:p8="xsi" />
            </Method>
          </Methods>
        </Class>
        <Class>
          <Summary numSequencePoints="56" visitedSequencePoints="0" numBranchPoints="44" visitedBranchPoints="0" sequenceCoverage="0" branchCoverage="0" maxCyclomaticComplexity="40" minCyclomaticComplexity="1" visitedClasses="0" numClasses="1" visitedMethods="0" numMethods="4" />
          <FullName>NCoreUtils.Logging.LoggerBuilderGoogleSinkLoggingExtensions</FullName>
          <Methods>
            <Method cyclomaticComplexity="1" nPathComplexity="0" sequenceCoverage="0" branchCoverage="100" isConstructor="False" isGetter="False" isSetter="False" isStatic="True">
              <Summary numSequencePoints="4" visitedSequencePoints="0" numBranchPoints="0" visitedBranchPoints="0" sequenceCoverage="0" branchCoverage="100" maxCyclomaticComplexity="1" minCyclomaticComplexity="1" visitedClasses="0" numClasses="0" visitedMethods="0" numMethods="1" />
              <MetadataToken />
              <Name>Microsoft.Extensions.Logging.ILoggingBuilder NCoreUtils.Logging.LoggerBuilderGoogleSinkLoggingExtensions::AddGoogleSink(Microsoft.Extensions.Logging.ILoggingBuilder,NCoreUtils.Logging.Google.GoogleLoggingContext)</Name>
              <FileRef uid="32" />
              <SequencePoints>
                <SequencePoint vc="0" uspid="20" ordinal="0" sl="20" sc="1" el="20" ec="2" bec="0" bev="0" fileid="32" />
                <SequencePoint vc="0" uspid="21" ordinal="1" sl="21" sc="1" el="21" ec="2" bec="0" bev="0" fileid="32" />
                <SequencePoint vc="0" uspid="22" ordinal="2" sl="22" sc="1" el="22" ec="2" bec="0" bev="0" fileid="32" />
                <SequencePoint vc="0" uspid="23" ordinal="3" sl="23" sc="1" el="23" ec="2" bec="0" bev="0" fileid="32" />
              </SequencePoints>
              <BranchPoints />
              <MethodPoint vc="0" uspid="0" p8:type="SequencePoint" ordinal="0" offset="0" sc="0" sl="20" ec="1" el="23" bec="0" bev="0" fileid="32" xmlns:p8="xsi" />
            </Method>
            <Method cyclomaticComplexity="40" nPathComplexity="0" sequenceCoverage="0" branchCoverage="0" isConstructor="False" isGetter="False" isSetter="False" isStatic="True">
              <Summary numSequencePoints="31" visitedSequencePoints="0" numBranchPoints="40" visitedBranchPoints="0" sequenceCoverage="0" branchCoverage="0" maxCyclomaticComplexity="40" minCyclomaticComplexity="40" visitedClasses="0" numClasses="0" visitedMethods="0" numMethods="1" />
              <MetadataToken />
              <Name>Microsoft.Extensions.Logging.ILoggingBuilder NCoreUtils.Logging.LoggerBuilderGoogleSinkLoggingExtensions::AddGoogleSink(Microsoft.Extensions.Logging.ILoggingBuilder,NCoreUtils.Logging.IGoogleLoggingConfiguration,System.Boolean)</Name>
              <FileRef uid="32" />
              <SequencePoints>
                <SequencePoint vc="0" uspid="29" ordinal="0" sl="29" sc="1" el="29" ec="2" bec="0" bev="0" fileid="32" />
                <SequencePoint vc="0" uspid="30" ordinal="1" sl="30" sc="1" el="30" ec="2" bec="0" bev="0" fileid="32" />
                <SequencePoint vc="0" uspid="33" ordinal="2" sl="33" sc="1" el="33" ec="2" bec="2" bev="0" fileid="32" />
                <SequencePoint vc="0" uspid="34" ordinal="3" sl="34" sc="1" el="34" ec="2" bec="0" bev="0" fileid="32" />
                <SequencePoint vc="0" uspid="35" ordinal="4" sl="35" sc="1" el="35" ec="2" bec="6" bev="0" fileid="32" />
                <SequencePoint vc="0" uspid="36" ordinal="5" sl="36" sc="1" el="36" ec="2" bec="6" bev="0" fileid="32" />
                <SequencePoint vc="0" uspid="37" ordinal="6" sl="37" sc="1" el="37" ec="2" bec="0" bev="0" fileid="32" />
                <SequencePoint vc="0" uspid="38" ordinal="7" sl="38" sc="1" el="38" ec="2" bec="6" bev="0" fileid="32" />
                <SequencePoint vc="0" uspid="39" ordinal="8" sl="39" sc="1" el="39" ec="2" bec="0" bev="0" fileid="32" />
                <SequencePoint vc="0" uspid="40" ordinal="9" sl="40" sc="1" el="40" ec="2" bec="0" bev="0" fileid="32" />
                <SequencePoint vc="0" uspid="41" ordinal="10" sl="41" sc="1" el="41" ec="2" bec="0" bev="0" fileid="32" />
                <SequencePoint vc="0" uspid="42" ordinal="11" sl="42" sc="1" el="42" ec="2" bec="0" bev="0" fileid="32" />
                <SequencePoint vc="0" uspid="43" ordinal="12" sl="43" sc="1" el="43" ec="2" bec="0" bev="0" fileid="32" />
                <SequencePoint vc="0" uspid="44" ordinal="13" sl="44" sc="1" el="44" ec="2" bec="0" bev="0" fileid="32" />
                <SequencePoint vc="0" uspid="45" ordinal="14" sl="45" sc="1" el="45" ec="2" bec="0" bev="0" fileid="32" />
                <SequencePoint vc="0" uspid="47" ordinal="15" sl="47" sc="1" el="47" ec="2" bec="0" bev="0" fileid="32" />
                <SequencePoint vc="0" uspid="48" ordinal="16" sl="48" sc="1" el="48" ec="2" bec="6" bev="0" fileid="32" />
                <SequencePoint vc="0" uspid="49" ordinal="17" sl="49" sc="1" el="49" ec="2" bec="6" bev="0" fileid="32" />
                <SequencePoint vc="0" uspid="50" ordinal="18" sl="50" sc="1" el="50" ec="2" bec="0" bev="0" fileid="32" />
                <SequencePoint vc="0" uspid="51" ordinal="19" sl="51" sc="1" el="51" ec="2" bec="6" bev="0" fileid="32" />
                <SequencePoint vc="0" uspid="52" ordinal="20" sl="52" sc="1" el="52" ec="2" bec="0" bev="0" fileid="32" />
                <SequencePoint vc="0" uspid="53" ordinal="21" sl="53" sc="1" el="53" ec="2" bec="0" bev="0" fileid="32" />
                <SequencePoint vc="0" uspid="54" ordinal="22" sl="54" sc="1" el="54" ec="2" bec="0" bev="0" fileid="32" />
                <SequencePoint vc="0" uspid="56" ordinal="23" sl="56" sc="1" el="56" ec="2" bec="0" bev="0" fileid="32" />
                <SequencePoint vc="0" uspid="57" ordinal="24" sl="57" sc="1" el="57" ec="2" bec="2" bev="0" fileid="32" />
                <SequencePoint vc="0" uspid="58" ordinal="25" sl="58" sc="1" el="58" ec="2" bec="0" bev="0" fileid="32" />
                <SequencePoint vc="0" uspid="59" ordinal="26" sl="59" sc="1" el="59" ec="2" bec="0" bev="0" fileid="32" />
                <SequencePoint vc="0" uspid="60" ordinal="27" sl="60" sc="1" el="60" ec="2" bec="0" bev="0" fileid="32" />
                <SequencePoint vc="0" uspid="61" ordinal="28" sl="61" sc="1" el="61" ec="2" bec="0" bev="0" fileid="32" />
                <SequencePoint vc="0" uspid="62" ordinal="29" sl="62" sc="1" el="62" ec="2" bec="0" bev="0" fileid="32" />
                <SequencePoint vc="0" uspid="63" ordinal="30" sl="63" sc="1" el="63" ec="2" bec="0" bev="0" fileid="32" />
              </SequencePoints>
              <BranchPoints>
                <BranchPoint vc="0" uspid="33" ordinal="0" path="0" offset="10" offsetend="15" sl="33" fileid="32" />
                <BranchPoint vc="0" uspid="35" ordinal="2" path="0" offset="17" offsetend="19" sl="35" fileid="32" />
                <BranchPoint vc="0" uspid="35" ordinal="3" path="1" offset="17" offsetend="22" sl="35" fileid="32" />
                <BranchPoint vc="0" uspid="35" ordinal="4" path="0" offset="29" offsetend="31" sl="35" fileid="32" />
                <BranchPoint vc="0" uspid="35" ordinal="6" path="0" offset="39" offsetend="41" sl="35" fileid="32" />
                <BranchPoint vc="0" uspid="35" ordinal="5" path="1" offset="29" offsetend="53" sl="35" fileid="32" />
                <BranchPoint vc="0" uspid="35" ordinal="7" path="1" offset="39" offsetend="53" sl="35" fileid="32" />
                <BranchPoint vc="0" uspid="36" ordinal="8" path="0" offset="56" offsetend="58" sl="36" fileid="32" />
                <BranchPoint vc="0" uspid="36" ordinal="9" path="1" offset="56" offsetend="61" sl="36" fileid="32" />
                <BranchPoint vc="0" uspid="36" ordinal="10" path="0" offset="68" offsetend="70" sl="36" fileid="32" />
                <BranchPoint vc="0" uspid="36" ordinal="12" path="0" offset="78" offsetend="80" sl="36" fileid="32" />
                <BranchPoint vc="0" uspid="36" ordinal="11" path="1" offset="68" offsetend="116" sl="36" fileid="32" />
                <BranchPoint vc="0" uspid="36" ordinal="13" path="1" offset="78" offsetend="116" sl="36" fileid="32" />
                <BranchPoint vc="0" uspid="38" ordinal="14" path="0" offset="129" offsetend="131" sl="38" fileid="32" />
                <BranchPoint vc="0" uspid="38" ordinal="15" path="1" offset="129" offsetend="134" sl="38" fileid="32" />
                <BranchPoint vc="0" uspid="38" ordinal="17" path="1" offset="144" offsetend="148" sl="38" fileid="32" />
                <BranchPoint vc="0" uspid="38" ordinal="16" path="0" offset="144" offsetend="160" sl="38" fileid="32" />
                <BranchPoint vc="0" uspid="38" ordinal="18" path="0" offset="173" offsetend="175" sl="38" fileid="32" />
                <BranchPoint vc="0" uspid="38" ordinal="19" path="1" offset="173" offsetend="178" sl="38" fileid="32" />
                <BranchPoint vc="0" uspid="33" ordinal="1" path="1" offset="10" offsetend="202" sl="33" fileid="32" />
                <BranchPoint vc="0" uspid="48" ordinal="20" path="0" offset="210" offsetend="212" sl="48" fileid="32" />
                <BranchPoint vc="0" uspid="48" ordinal="22" path="0" offset="214" offsetend="216" sl="48" fileid="32" />
                <BranchPoint vc="0" uspid="48" ordinal="23" path="1" offset="214" offsetend="219" sl="48" fileid="32" />
                <BranchPoint vc="0" uspid="48" ordinal="24" path="0" offset="226" offsetend="228" sl="48" fileid="32" />
                <BranchPoint vc="0" uspid="48" ordinal="21" path="1" offset="210" offsetend="240" sl="48" fileid="32" />
                <BranchPoint vc="0" uspid="48" ordinal="25" path="1" offset="226" offsetend="240" sl="48" fileid="32" />
                <BranchPoint vc="0" uspid="49" ordinal="26" path="0" offset="249" offsetend="251" sl="49" fileid="32" />
                <BranchPoint vc="0" uspid="49" ordinal="28" path="0" offset="253" offsetend="255" sl="49" fileid="32" />
                <BranchPoint vc="0" uspid="49" ordinal="29" path="1" offset="253" offsetend="258" sl="49" fileid="32" />
                <BranchPoint vc="0" uspid="49" ordinal="30" path="0" offset="265" offsetend="267" sl="49" fileid="32" />
                <BranchPoint vc="0" uspid="49" ordinal="27" path="1" offset="249" offsetend="303" sl="49" fileid="32" />
                <BranchPoint vc="0" uspid="49" ordinal="31" path="1" offset="265" offsetend="303" sl="49" fileid="32" />
                <BranchPoint vc="0" uspid="51" ordinal="32" path="0" offset="321" offsetend="323" sl="51" fileid="32" />
                <BranchPoint vc="0" uspid="51" ordinal="34" path="0" offset="324" offsetend="326" sl="51" fileid="32" />
                <BranchPoint vc="0" uspid="51" ordinal="35" path="1" offset="324" offsetend="329" sl="51" fileid="32" />
                <BranchPoint vc="0" uspid="51" ordinal="33" path="1" offset="321" offsetend="340" sl="51" fileid="32" />
                <BranchPoint vc="0" uspid="51" ordinal="36" path="0" offset="345" offsetend="347" sl="51" fileid="32" />
                <BranchPoint vc="0" uspid="51" ordinal="37" path="1" offset="345" offsetend="358" sl="51" fileid="32" />
                <BranchPoint vc="0" uspid="57" ordinal="38" path="0" offset="376" offsetend="378" sl="57" fileid="32" />
                <BranchPoint vc="0" uspid="57" ordinal="39" path="1" offset="376" offsetend="381" sl="57" fileid="32" />
              </BranchPoints>
              <MethodPoint vc="0" uspid="0" p8:type="SequencePoint" ordinal="1" offset="1" sc="0" sl="29" ec="1" el="63" bec="0" bev="0" fileid="32" xmlns:p8="xsi" />
            </Method>
            <Method cyclomaticComplexity="1" nPathComplexity="0" sequenceCoverage="0" branchCoverage="100" isConstructor="False" isGetter="False" isSetter="False" isStatic="True">
              <Summary numSequencePoints="5" visitedSequencePoints="0" numBranchPoints="0" visitedBranchPoints="0" sequenceCoverage="0" branchCoverage="100" maxCyclomaticComplexity="1" minCyclomaticComplexity="1" visitedClasses="0" numClasses="0" visitedMethods="0" numMethods="1" />
              <MetadataToken />
              <Name>Microsoft.Extensions.Logging.ILoggingBuilder NCoreUtils.Logging.LoggerBuilderGoogleSinkLoggingExtensions::AddGoogleSink(Microsoft.Extensions.Logging.ILoggingBuilder,Microsoft.Extensions.Configuration.IConfiguration,System.Boolean)</Name>
              <FileRef uid="32" />
              <SequencePoints>
                <SequencePoint vc="0" uspid="69" ordinal="0" sl="69" sc="1" el="69" ec="2" bec="0" bev="0" fileid="32" />
                <SequencePoint vc="0" uspid="70" ordinal="1" sl="70" sc="1" el="70" ec="2" bec="0" bev="0" fileid="32" />
                <SequencePoint vc="0" uspid="71" ordinal="2" sl="71" sc="1" el="71" ec="2" bec="0" bev="0" fileid="32" />
                <SequencePoint vc="0" uspid="72" ordinal="3" sl="72" sc="1" el="72" ec="2" bec="0" bev="0" fileid="32" />
                <SequencePoint vc="0" uspid="73" ordinal="4" sl="73" sc="1" el="73" ec="2" bec="0" bev="0" fileid="32" />
              </SequencePoints>
              <BranchPoints />
              <MethodPoint vc="0" uspid="0" p8:type="SequencePoint" ordinal="2" offset="2" sc="0" sl="69" ec="1" el="73" bec="0" bev="0" fileid="32" xmlns:p8="xsi" />
            </Method>
            <Method cyclomaticComplexity="4" nPathComplexity="0" sequenceCoverage="0" branchCoverage="0" isConstructor="False" isGetter="False" isSetter="False" isStatic="True">
              <Summary numSequencePoints="16" visitedSequencePoints="0" numBranchPoints="4" visitedBranchPoints="0" sequenceCoverage="0" branchCoverage="0" maxCyclomaticComplexity="4" minCyclomaticComplexity="4" visitedClasses="0" numClasses="0" visitedMethods="0" numMethods="1" />
              <MetadataToken />
              <Name>Microsoft.Extensions.Logging.ILoggingBuilder NCoreUtils.Logging.LoggerBuilderGoogleSinkLoggingExtensions::AddGoogleSink(Microsoft.Extensions.Logging.ILoggingBuilder,System.String,System.String,System.String,System.Collections.Generic.IReadOnlyDictionary`2&lt;System.String,System.String&gt;,System.Boolean)</Name>
              <FileRef uid="32" />
              <SequencePoints>
                <SequencePoint vc="0" uspid="82" ordinal="0" sl="82" sc="1" el="82" ec="2" bec="0" bev="0" fileid="32" />
                <SequencePoint vc="0" uspid="83" ordinal="1" sl="83" sc="1" el="83" ec="2" bec="0" bev="0" fileid="32" />
                <SequencePoint vc="0" uspid="84" ordinal="2" sl="84" sc="1" el="84" ec="2" bec="0" bev="0" fileid="32" />
                <SequencePoint vc="0" uspid="85" ordinal="3" sl="85" sc="1" el="85" ec="2" bec="0" bev="0" fileid="32" />
                <SequencePoint vc="0" uspid="86" ordinal="4" sl="86" sc="1" el="86" ec="2" bec="0" bev="0" fileid="32" />
                <SequencePoint vc="0" uspid="87" ordinal="5" sl="87" sc="1" el="87" ec="2" bec="0" bev="0" fileid="32" />
                <SequencePoint vc="0" uspid="88" ordinal="6" sl="88" sc="1" el="88" ec="2" bec="0" bev="0" fileid="32" />
                <SequencePoint vc="0" uspid="89" ordinal="7" sl="89" sc="1" el="89" ec="2" bec="2" bev="0" fileid="32" />
                <SequencePoint vc="0" uspid="90" ordinal="8" sl="90" sc="1" el="90" ec="2" bec="0" bev="0" fileid="32" />
                <SequencePoint vc="0" uspid="91" ordinal="9" sl="91" sc="1" el="91" ec="2" bec="2" bev="0" fileid="32" />
                <SequencePoint vc="0" uspid="92" ordinal="10" sl="92" sc="1" el="92" ec="2" bec="0" bev="0" fileid="32" />
                <SequencePoint vc="0" uspid="93" ordinal="11" sl="93" sc="1" el="93" ec="2" bec="0" bev="0" fileid="32" />
                <SequencePoint vc="0" uspid="94" ordinal="12" sl="94" sc="1" el="94" ec="2" bec="0" bev="0" fileid="32" />
                <SequencePoint vc="0" uspid="95" ordinal="13" sl="95" sc="1" el="95" ec="2" bec="0" bev="0" fileid="32" />
                <SequencePoint vc="0" uspid="96" ordinal="14" sl="96" sc="1" el="96" ec="2" bec="0" bev="0" fileid="32" />
                <SequencePoint vc="0" uspid="97" ordinal="15" sl="97" sc="1" el="97" ec="2" bec="0" bev="0" fileid="32" />
              </SequencePoints>
              <BranchPoints>
                <BranchPoint vc="0" uspid="89" ordinal="0" path="0" offset="38" offsetend="40" sl="89" fileid="32" />
                <BranchPoint vc="0" uspid="91" ordinal="3" path="1" offset="93" offsetend="52" sl="91" fileid="32" />
                <BranchPoint vc="0" uspid="91" ordinal="2" path="0" offset="93" offsetend="95" sl="91" fileid="32" />
                <BranchPoint vc="0" uspid="89" ordinal="1" path="1" offset="38" offsetend="109" sl="89" fileid="32" />
              </BranchPoints>
              <MethodPoint vc="0" uspid="0" p8:type="SequencePoint" ordinal="3" offset="3" sc="0" sl="82" ec="1" el="97" bec="0" bev="0" fileid="32" xmlns:p8="xsi" />
            </Method>
          </Methods>
        </Class>
      </Classes>
    </Module>
  </Modules>
</CoverageSession>